{"/Users/sethpearce/Projects/ecommerce-services-demo/services/orders/src/repositories/OrderRepositoryLive.ts": {"path":"/Users/sethpearce/Projects/ecommerce-services-demo/services/orders/src/repositories/OrderRepositoryLive.ts","statementMap":{"0":{"start":{"line":38,"column":22},"end":{"line":48,"column":null}},"1":{"start":{"line":39,"column":2},"end":{"line":48,"column":null}},"2":{"start":{"line":50,"column":26},"end":{"line":58,"column":null}},"3":{"start":{"line":51,"column":2},"end":{"line":58,"column":null}},"4":{"start":{"line":60,"column":35},"end":{"line":172,"column":null}},"5":{"start":{"line":63,"column":16},"end":{"line":63,"column":null}},"6":{"start":{"line":65,"column":4},"end":{"line":170,"column":null}},"7":{"start":{"line":67,"column":8},"end":{"line":128,"column":null}},"8":{"start":{"line":69,"column":10},"end":{"line":127,"column":null}},"9":{"start":{"line":72,"column":31},"end":{"line":74,"column":null}},"10":{"start":{"line":77,"column":14},"end":{"line":88,"column":null}},"11":{"start":{"line":79,"column":30},"end":{"line":79,"column":null}},"12":{"start":{"line":80,"column":33},"end":{"line":81,"column":null}},"13":{"start":{"line":83,"column":16},"end":{"line":87,"column":null}},"14":{"start":{"line":91,"column":34},"end":{"line":104,"column":null}},"15":{"start":{"line":108,"column":28},"end":{"line":108,"column":null}},"16":{"start":{"line":111,"column":47},"end":{"line":111,"column":null}},"17":{"start":{"line":112,"column":14},"end":{"line":119,"column":null}},"18":{"start":{"line":113,"column":32},"end":{"line":115,"column":null}},"19":{"start":{"line":118,"column":16},"end":{"line":118,"column":null}},"20":{"start":{"line":121,"column":14},"end":{"line":125,"column":null}},"21":{"start":{"line":131,"column":8},"end":{"line":138,"column":null}},"22":{"start":{"line":132,"column":25},"end":{"line":133,"column":null}},"23":{"start":{"line":135,"column":10},"end":{"line":137,"column":null}},"24":{"start":{"line":141,"column":8},"end":{"line":148,"column":null}},"25":{"start":{"line":142,"column":25},"end":{"line":143,"column":null}},"26":{"start":{"line":145,"column":10},"end":{"line":147,"column":null}},"27":{"start":{"line":151,"column":8},"end":{"line":156,"column":null}},"28":{"start":{"line":152,"column":25},"end":{"line":153,"column":null}},"29":{"start":{"line":155,"column":10},"end":{"line":155,"column":null}},"30":{"start":{"line":159,"column":8},"end":{"line":169,"column":null}},"31":{"start":{"line":160,"column":25},"end":{"line":163,"column":null}},"32":{"start":{"line":166,"column":10},"end":{"line":168,"column":null}}},"fnMap":{"0":{"name":"(anonymous_0)","decl":{"start":{"line":38,"column":22},"end":{"line":38,"column":23}},"loc":{"start":{"line":39,"column":2},"end":{"line":48,"column":null}},"line":39},"1":{"name":"(anonymous_1)","decl":{"start":{"line":50,"column":26},"end":{"line":50,"column":27}},"loc":{"start":{"line":51,"column":2},"end":{"line":58,"column":null}},"line":51},"2":{"name":"(anonymous_2)","decl":{"start":{"line":62,"column":13},"end":{"line":62,"column":26}},"loc":{"start":{"line":62,"column":26},"end":{"line":171,"column":3}},"line":62},"3":{"name":"(anonymous_3)","decl":{"start":{"line":66,"column":23},"end":{"line":66,"column":24}},"loc":{"start":{"line":67,"column":8},"end":{"line":128,"column":null}},"line":67},"4":{"name":"(anonymous_4)","decl":{"start":{"line":67,"column":19},"end":{"line":67,"column":32}},"loc":{"start":{"line":67,"column":32},"end":{"line":128,"column":9}},"line":67},"5":{"name":"(anonymous_5)","decl":{"start":{"line":70,"column":23},"end":{"line":70,"column":36}},"loc":{"start":{"line":70,"column":36},"end":{"line":126,"column":13}},"line":70},"6":{"name":"(anonymous_6)","decl":{"start":{"line":130,"column":16},"end":{"line":130,"column":17}},"loc":{"start":{"line":131,"column":8},"end":{"line":138,"column":null}},"line":131},"7":{"name":"(anonymous_7)","decl":{"start":{"line":131,"column":19},"end":{"line":131,"column":32}},"loc":{"start":{"line":131,"column":32},"end":{"line":138,"column":9}},"line":131},"8":{"name":"(anonymous_8)","decl":{"start":{"line":140,"column":22},"end":{"line":140,"column":23}},"loc":{"start":{"line":141,"column":8},"end":{"line":148,"column":null}},"line":141},"9":{"name":"(anonymous_9)","decl":{"start":{"line":141,"column":19},"end":{"line":141,"column":32}},"loc":{"start":{"line":141,"column":32},"end":{"line":148,"column":9}},"line":141},"10":{"name":"(anonymous_10)","decl":{"start":{"line":150,"column":16},"end":{"line":150,"column":17}},"loc":{"start":{"line":151,"column":8},"end":{"line":156,"column":null}},"line":151},"11":{"name":"(anonymous_11)","decl":{"start":{"line":151,"column":19},"end":{"line":151,"column":32}},"loc":{"start":{"line":151,"column":32},"end":{"line":156,"column":9}},"line":151},"12":{"name":"(anonymous_12)","decl":{"start":{"line":158,"column":20},"end":{"line":158,"column":21}},"loc":{"start":{"line":159,"column":8},"end":{"line":169,"column":null}},"line":159},"13":{"name":"(anonymous_13)","decl":{"start":{"line":159,"column":19},"end":{"line":159,"column":32}},"loc":{"start":{"line":159,"column":32},"end":{"line":169,"column":9}},"line":159}},"branchMap":{"0":{"loc":{"start":{"line":77,"column":14},"end":{"line":88,"column":null}},"type":"if","locations":[{"start":{"line":77,"column":14},"end":{"line":88,"column":null}},{"start":{},"end":{}}],"line":77},"1":{"loc":{"start":{"line":135,"column":17},"end":{"line":137,"column":null}},"type":"cond-expr","locations":[{"start":{"line":136,"column":14},"end":{"line":136,"column":null}},{"start":{"line":137,"column":14},"end":{"line":137,"column":null}}],"line":135},"2":{"loc":{"start":{"line":145,"column":17},"end":{"line":147,"column":null}},"type":"cond-expr","locations":[{"start":{"line":146,"column":14},"end":{"line":146,"column":null}},{"start":{"line":147,"column":14},"end":{"line":147,"column":null}}],"line":145},"3":{"loc":{"start":{"line":166,"column":17},"end":{"line":168,"column":null}},"type":"cond-expr","locations":[{"start":{"line":167,"column":14},"end":{"line":167,"column":null}},{"start":{"line":168,"column":14},"end":{"line":168,"column":null}}],"line":166}},"s":{"0":1,"1":6,"2":1,"3":4,"4":1,"5":12,"6":12,"7":2,"8":2,"9":2,"10":2,"11":1,"12":1,"13":1,"14":1,"15":1,"16":1,"17":1,"18":1,"19":1,"20":1,"21":3,"22":3,"23":3,"24":2,"25":2,"26":2,"27":3,"28":3,"29":3,"30":2,"31":2,"32":2},"f":{"0":6,"1":4,"2":12,"3":2,"4":2,"5":2,"6":3,"7":3,"8":2,"9":2,"10":3,"11":3,"12":2,"13":2},"b":{"0":[1,1],"1":[2,1],"2":[1,1],"3":[1,1]},"meta":{"lastBranch":4,"lastFunction":14,"lastStatement":33,"seen":{"s:38:22:48:Infinity":0,"f:38:22:38:23":0,"s:39:2:48:Infinity":1,"s:50:26:58:Infinity":2,"f:50:26:50:27":1,"s:51:2:58:Infinity":3,"s:60:35:172:Infinity":4,"f:62:13:62:26":2,"s:63:16:63:Infinity":5,"s:65:4:170:Infinity":6,"f:66:23:66:24":3,"s:67:8:128:Infinity":7,"f:67:19:67:32":4,"s:69:10:127:Infinity":8,"f:70:23:70:36":5,"s:72:31:74:Infinity":9,"b:77:14:88:Infinity:undefined:undefined:undefined:undefined":0,"s:77:14:88:Infinity":10,"s:79:30:79:Infinity":11,"s:80:33:81:Infinity":12,"s:83:16:87:Infinity":13,"s:91:34:104:Infinity":14,"s:108:28:108:Infinity":15,"s:111:47:111:Infinity":16,"s:112:14:119:Infinity":17,"s:113:32:115:Infinity":18,"s:118:16:118:Infinity":19,"s:121:14:125:Infinity":20,"f:130:16:130:17":6,"s:131:8:138:Infinity":21,"f:131:19:131:32":7,"s:132:25:133:Infinity":22,"s:135:10:137:Infinity":23,"b:136:14:136:Infinity:137:14:137:Infinity":1,"f:140:22:140:23":8,"s:141:8:148:Infinity":24,"f:141:19:141:32":9,"s:142:25:143:Infinity":25,"s:145:10:147:Infinity":26,"b:146:14:146:Infinity:147:14:147:Infinity":2,"f:150:16:150:17":10,"s:151:8:156:Infinity":27,"f:151:19:151:32":11,"s:152:25:153:Infinity":28,"s:155:10:155:Infinity":29,"f:158:20:158:21":12,"s:159:8:169:Infinity":30,"f:159:19:159:32":13,"s:160:25:163:Infinity":31,"s:166:10:168:Infinity":32,"b:167:14:167:Infinity:168:14:168:Infinity":3}}}
,"/Users/sethpearce/Projects/ecommerce-services-demo/services/orders/src/services/OrderServiceLive.ts": {"path":"/Users/sethpearce/Projects/ecommerce-services-demo/services/orders/src/services/OrderServiceLive.ts","statementMap":{"0":{"start":{"line":7,"column":32},"end":{"line":43,"column":null}},"1":{"start":{"line":10,"column":17},"end":{"line":10,"column":null}},"2":{"start":{"line":12,"column":4},"end":{"line":41,"column":null}},"3":{"start":{"line":14,"column":8},"end":{"line":24,"column":null}},"4":{"start":{"line":15,"column":25},"end":{"line":15,"column":null}},"5":{"start":{"line":19,"column":10},"end":{"line":23,"column":null}},"6":{"start":{"line":20,"column":56},"end":{"line":20,"column":73}},"7":{"start":{"line":21,"column":62},"end":{"line":21,"column":79}},"8":{"start":{"line":27,"column":8},"end":{"line":40,"column":null}},"9":{"start":{"line":28,"column":27},"end":{"line":28,"column":null}},"10":{"start":{"line":30,"column":10},"end":{"line":34,"column":null}},"11":{"start":{"line":31,"column":12},"end":{"line":33,"column":null}},"12":{"start":{"line":36,"column":24},"end":{"line":36,"column":null}},"13":{"start":{"line":37,"column":24},"end":{"line":37,"column":null}},"14":{"start":{"line":39,"column":10},"end":{"line":39,"column":null}}},"fnMap":{"0":{"name":"(anonymous_0)","decl":{"start":{"line":9,"column":13},"end":{"line":9,"column":26}},"loc":{"start":{"line":9,"column":26},"end":{"line":42,"column":3}},"line":9},"1":{"name":"(anonymous_1)","decl":{"start":{"line":13,"column":14},"end":{"line":13,"column":15}},"loc":{"start":{"line":14,"column":8},"end":{"line":24,"column":null}},"line":14},"2":{"name":"(anonymous_2)","decl":{"start":{"line":14,"column":19},"end":{"line":14,"column":32}},"loc":{"start":{"line":14,"column":32},"end":{"line":24,"column":9}},"line":14},"3":{"name":"(anonymous_3)","decl":{"start":{"line":20,"column":33},"end":{"line":20,"column":34}},"loc":{"start":{"line":20,"column":56},"end":{"line":20,"column":73}},"line":20},"4":{"name":"(anonymous_4)","decl":{"start":{"line":21,"column":39},"end":{"line":21,"column":40}},"loc":{"start":{"line":21,"column":62},"end":{"line":21,"column":79}},"line":21},"5":{"name":"(anonymous_5)","decl":{"start":{"line":26,"column":16},"end":{"line":26,"column":17}},"loc":{"start":{"line":27,"column":8},"end":{"line":40,"column":null}},"line":27},"6":{"name":"(anonymous_6)","decl":{"start":{"line":27,"column":19},"end":{"line":27,"column":32}},"loc":{"start":{"line":27,"column":32},"end":{"line":40,"column":9}},"line":27}},"branchMap":{"0":{"loc":{"start":{"line":30,"column":10},"end":{"line":34,"column":null}},"type":"if","locations":[{"start":{"line":30,"column":10},"end":{"line":34,"column":null}},{"start":{},"end":{}}],"line":30}},"s":{"0":1,"1":6,"2":6,"3":3,"4":3,"5":3,"6":2,"7":1,"8":3,"9":3,"10":3,"11":1,"12":2,"13":2,"14":2},"f":{"0":6,"1":3,"2":3,"3":2,"4":1,"5":3,"6":3},"b":{"0":[1,2]},"meta":{"lastBranch":1,"lastFunction":7,"lastStatement":15,"seen":{"s:7:32:43:Infinity":0,"f:9:13:9:26":0,"s:10:17:10:Infinity":1,"s:12:4:41:Infinity":2,"f:13:14:13:15":1,"s:14:8:24:Infinity":3,"f:14:19:14:32":2,"s:15:25:15:Infinity":4,"s:19:10:23:Infinity":5,"f:20:33:20:34":3,"s:20:56:20:73":6,"f:21:39:21:40":4,"s:21:62:21:79":7,"f:26:16:26:17":5,"s:27:8:40:Infinity":8,"f:27:19:27:32":6,"s:28:27:28:Infinity":9,"b:30:10:34:Infinity:undefined:undefined:undefined:undefined":0,"s:30:10:34:Infinity":10,"s:31:12:33:Infinity":11,"s:36:24:36:Infinity":12,"s:37:24:37:Infinity":13,"s:39:10:39:Infinity":14}}}
}
