{"/Users/sethpearce/Projects/ecommerce-services-demo/services/inventory/src/repositories/ProductRepositoryLive.ts": {"path":"/Users/sethpearce/Projects/ecommerce-services-demo/services/inventory/src/repositories/ProductRepositoryLive.ts","statementMap":{"0":{"start":{"line":16,"column":24},"end":{"line":25,"column":null}},"1":{"start":{"line":17,"column":2},"end":{"line":25,"column":null}},"2":{"start":{"line":27,"column":37},"end":{"line":73,"column":null}},"3":{"start":{"line":30,"column":16},"end":{"line":30,"column":null}},"4":{"start":{"line":32,"column":4},"end":{"line":71,"column":null}},"5":{"start":{"line":34,"column":8},"end":{"line":41,"column":null}},"6":{"start":{"line":35,"column":25},"end":{"line":37,"column":null}},"7":{"start":{"line":40,"column":10},"end":{"line":40,"column":null}},"8":{"start":{"line":44,"column":8},"end":{"line":51,"column":null}},"9":{"start":{"line":45,"column":25},"end":{"line":46,"column":null}},"10":{"start":{"line":48,"column":10},"end":{"line":50,"column":null}},"11":{"start":{"line":54,"column":8},"end":{"line":61,"column":null}},"12":{"start":{"line":55,"column":25},"end":{"line":56,"column":null}},"13":{"start":{"line":58,"column":10},"end":{"line":60,"column":null}},"14":{"start":{"line":64,"column":8},"end":{"line":70,"column":null}},"15":{"start":{"line":65,"column":10},"end":{"line":68,"column":null}}},"fnMap":{"0":{"name":"(anonymous_0)","decl":{"start":{"line":16,"column":24},"end":{"line":16,"column":25}},"loc":{"start":{"line":17,"column":2},"end":{"line":25,"column":null}},"line":17},"1":{"name":"(anonymous_1)","decl":{"start":{"line":29,"column":13},"end":{"line":29,"column":26}},"loc":{"start":{"line":29,"column":26},"end":{"line":72,"column":3}},"line":29},"2":{"name":"(anonymous_2)","decl":{"start":{"line":33,"column":14},"end":{"line":33,"column":15}},"loc":{"start":{"line":34,"column":8},"end":{"line":41,"column":null}},"line":34},"3":{"name":"(anonymous_3)","decl":{"start":{"line":34,"column":19},"end":{"line":34,"column":32}},"loc":{"start":{"line":34,"column":32},"end":{"line":41,"column":9}},"line":34},"4":{"name":"(anonymous_4)","decl":{"start":{"line":43,"column":16},"end":{"line":43,"column":17}},"loc":{"start":{"line":44,"column":8},"end":{"line":51,"column":null}},"line":44},"5":{"name":"(anonymous_5)","decl":{"start":{"line":44,"column":19},"end":{"line":44,"column":32}},"loc":{"start":{"line":44,"column":32},"end":{"line":51,"column":9}},"line":44},"6":{"name":"(anonymous_6)","decl":{"start":{"line":53,"column":17},"end":{"line":53,"column":18}},"loc":{"start":{"line":54,"column":8},"end":{"line":61,"column":null}},"line":54},"7":{"name":"(anonymous_7)","decl":{"start":{"line":54,"column":19},"end":{"line":54,"column":32}},"loc":{"start":{"line":54,"column":32},"end":{"line":61,"column":9}},"line":54},"8":{"name":"(anonymous_8)","decl":{"start":{"line":63,"column":19},"end":{"line":63,"column":20}},"loc":{"start":{"line":64,"column":8},"end":{"line":70,"column":null}},"line":64},"9":{"name":"(anonymous_9)","decl":{"start":{"line":64,"column":19},"end":{"line":64,"column":32}},"loc":{"start":{"line":64,"column":32},"end":{"line":70,"column":9}},"line":64}},"branchMap":{"0":{"loc":{"start":{"line":48,"column":17},"end":{"line":50,"column":null}},"type":"cond-expr","locations":[{"start":{"line":49,"column":14},"end":{"line":49,"column":null}},{"start":{"line":50,"column":14},"end":{"line":50,"column":null}}],"line":48},"1":{"loc":{"start":{"line":58,"column":17},"end":{"line":60,"column":null}},"type":"cond-expr","locations":[{"start":{"line":59,"column":14},"end":{"line":59,"column":null}},{"start":{"line":60,"column":14},"end":{"line":60,"column":null}}],"line":58}},"s":{"0":1,"1":6,"2":1,"3":8,"4":8,"5":2,"6":2,"7":2,"8":4,"9":4,"10":4,"11":2,"12":2,"13":2,"14":0,"15":0},"f":{"0":6,"1":8,"2":2,"3":2,"4":4,"5":4,"6":2,"7":2,"8":0,"9":0},"b":{"0":[3,1],"1":[1,1]},"meta":{"lastBranch":2,"lastFunction":10,"lastStatement":16,"seen":{"s:16:24:25:Infinity":0,"f:16:24:16:25":0,"s:17:2:25:Infinity":1,"s:27:37:73:Infinity":2,"f:29:13:29:26":1,"s:30:16:30:Infinity":3,"s:32:4:71:Infinity":4,"f:33:14:33:15":2,"s:34:8:41:Infinity":5,"f:34:19:34:32":3,"s:35:25:37:Infinity":6,"s:40:10:40:Infinity":7,"f:43:16:43:17":4,"s:44:8:51:Infinity":8,"f:44:19:44:32":5,"s:45:25:46:Infinity":9,"s:48:10:50:Infinity":10,"b:49:14:49:Infinity:50:14:50:Infinity":0,"f:53:17:53:18":6,"s:54:8:61:Infinity":11,"f:54:19:54:32":7,"s:55:25:56:Infinity":12,"s:58:10:60:Infinity":13,"b:59:14:59:Infinity:60:14:60:Infinity":1,"f:63:19:63:20":8,"s:64:8:70:Infinity":14,"f:64:19:64:32":9,"s:65:10:68:Infinity":15}}}
,"/Users/sethpearce/Projects/ecommerce-services-demo/services/inventory/src/repositories/ReservationRepositoryLive.ts": {"path":"/Users/sethpearce/Projects/ecommerce-services-demo/services/inventory/src/repositories/ReservationRepositoryLive.ts","statementMap":{"0":{"start":{"line":24,"column":41},"end":{"line":177,"column":null}},"1":{"start":{"line":27,"column":16},"end":{"line":27,"column":null}},"2":{"start":{"line":31,"column":32},"end":{"line":41,"column":null}},"3":{"start":{"line":32,"column":6},"end":{"line":40,"column":null}},"4":{"start":{"line":43,"column":4},"end":{"line":175,"column":null}},"5":{"start":{"line":48,"column":8},"end":{"line":130,"column":null}},"6":{"start":{"line":51,"column":32},"end":{"line":53,"column":null}},"7":{"start":{"line":52,"column":14},"end":{"line":52,"column":null}},"8":{"start":{"line":54,"column":31},"end":{"line":54,"column":null}},"9":{"start":{"line":54,"column":55},"end":{"line":54,"column":69}},"10":{"start":{"line":57,"column":41},"end":{"line":60,"column":null}},"11":{"start":{"line":64,"column":12},"end":{"line":68,"column":null}},"12":{"start":{"line":66,"column":29},"end":{"line":66,"column":null}},"13":{"start":{"line":66,"column":61},"end":{"line":66,"column":85}},"14":{"start":{"line":67,"column":14},"end":{"line":67,"column":null}},"15":{"start":{"line":71,"column":29},"end":{"line":74,"column":null}},"16":{"start":{"line":80,"column":31},"end":{"line":80,"column":null}},"17":{"start":{"line":80,"column":57},"end":{"line":80,"column":66}},"18":{"start":{"line":81,"column":12},"end":{"line":85,"column":null}},"19":{"start":{"line":82,"column":14},"end":{"line":84,"column":null}},"20":{"start":{"line":83,"column":16},"end":{"line":83,"column":null}},"21":{"start":{"line":88,"column":12},"end":{"line":99,"column":null}},"22":{"start":{"line":89,"column":30},"end":{"line":89,"column":null}},"23":{"start":{"line":90,"column":14},"end":{"line":98,"column":null}},"24":{"start":{"line":91,"column":16},"end":{"line":97,"column":null}},"25":{"start":{"line":102,"column":12},"end":{"line":109,"column":null}},"26":{"start":{"line":103,"column":14},"end":{"line":107,"column":null}},"27":{"start":{"line":112,"column":57},"end":{"line":112,"column":null}},"28":{"start":{"line":113,"column":12},"end":{"line":126,"column":null}},"29":{"start":{"line":114,"column":31},"end":{"line":116,"column":null}},"30":{"start":{"line":120,"column":14},"end":{"line":124,"column":null}},"31":{"start":{"line":121,"column":16},"end":{"line":123,"column":null}},"32":{"start":{"line":125,"column":14},"end":{"line":125,"column":null}},"33":{"start":{"line":128,"column":12},"end":{"line":128,"column":null}},"34":{"start":{"line":133,"column":8},"end":{"line":140,"column":null}},"35":{"start":{"line":134,"column":23},"end":{"line":137,"column":null}},"36":{"start":{"line":139,"column":10},"end":{"line":139,"column":null}},"37":{"start":{"line":144,"column":8},"end":{"line":174,"column":null}},"38":{"start":{"line":147,"column":33},"end":{"line":150,"column":null}},"39":{"start":{"line":156,"column":12},"end":{"line":163,"column":null}},"40":{"start":{"line":157,"column":14},"end":{"line":161,"column":null}},"41":{"start":{"line":166,"column":12},"end":{"line":170,"column":null}}},"fnMap":{"0":{"name":"(anonymous_0)","decl":{"start":{"line":26,"column":13},"end":{"line":26,"column":26}},"loc":{"start":{"line":26,"column":26},"end":{"line":176,"column":3}},"line":26},"1":{"name":"(anonymous_1)","decl":{"start":{"line":31,"column":32},"end":{"line":31,"column":33}},"loc":{"start":{"line":31,"column":79},"end":{"line":41,"column":null}},"line":31},"2":{"name":"(anonymous_2)","decl":{"start":{"line":44,"column":26},"end":{"line":44,"column":27}},"loc":{"start":{"line":48,"column":8},"end":{"line":130,"column":null}},"line":48},"3":{"name":"(anonymous_3)","decl":{"start":{"line":49,"column":21},"end":{"line":49,"column":34}},"loc":{"start":{"line":49,"column":34},"end":{"line":129,"column":11}},"line":49},"4":{"name":"(anonymous_4)","decl":{"start":{"line":51,"column":48},"end":{"line":51,"column":49}},"loc":{"start":{"line":52,"column":14},"end":{"line":52,"column":null}},"line":52},"5":{"name":"(anonymous_5)","decl":{"start":{"line":54,"column":47},"end":{"line":54,"column":55}},"loc":{"start":{"line":54,"column":55},"end":{"line":54,"column":69}},"line":54},"6":{"name":"(anonymous_6)","decl":{"start":{"line":66,"column":54},"end":{"line":66,"column":61}},"loc":{"start":{"line":66,"column":61},"end":{"line":66,"column":85}},"line":66},"7":{"name":"(anonymous_7)","decl":{"start":{"line":80,"column":52},"end":{"line":80,"column":57}},"loc":{"start":{"line":80,"column":57},"end":{"line":80,"column":66}},"line":80},"8":{"name":"(anonymous_8)","decl":{"start":{"line":132,"column":21},"end":{"line":132,"column":22}},"loc":{"start":{"line":133,"column":8},"end":{"line":140,"column":null}},"line":133},"9":{"name":"(anonymous_9)","decl":{"start":{"line":133,"column":19},"end":{"line":133,"column":32}},"loc":{"start":{"line":133,"column":32},"end":{"line":140,"column":9}},"line":133},"10":{"name":"(anonymous_10)","decl":{"start":{"line":142,"column":24},"end":{"line":142,"column":25}},"loc":{"start":{"line":144,"column":8},"end":{"line":174,"column":null}},"line":144},"11":{"name":"(anonymous_11)","decl":{"start":{"line":145,"column":21},"end":{"line":145,"column":34}},"loc":{"start":{"line":145,"column":34},"end":{"line":173,"column":11}},"line":145}},"branchMap":{"0":{"loc":{"start":{"line":39,"column":20},"end":{"line":39,"column":null}},"type":"cond-expr","locations":[{"start":{"line":39,"column":38},"end":{"line":39,"column":81}},{"start":{"line":39,"column":81},"end":{"line":39,"column":null}}],"line":39},"1":{"loc":{"start":{"line":64,"column":12},"end":{"line":68,"column":null}},"type":"if","locations":[{"start":{"line":64,"column":12},"end":{"line":68,"column":null}},{"start":{},"end":{}}],"line":64},"2":{"loc":{"start":{"line":82,"column":14},"end":{"line":84,"column":null}},"type":"if","locations":[{"start":{"line":82,"column":14},"end":{"line":84,"column":null}},{"start":{},"end":{}}],"line":82},"3":{"loc":{"start":{"line":90,"column":14},"end":{"line":98,"column":null}},"type":"if","locations":[{"start":{"line":90,"column":14},"end":{"line":98,"column":null}},{"start":{},"end":{}}],"line":90},"4":{"loc":{"start":{"line":120,"column":14},"end":{"line":124,"column":null}},"type":"if","locations":[{"start":{"line":120,"column":14},"end":{"line":124,"column":null}},{"start":{},"end":{}}],"line":120}},"s":{"0":0,"1":0,"2":0,"3":0,"4":0,"5":0,"6":0,"7":0,"8":0,"9":0,"10":0,"11":0,"12":0,"13":0,"14":0,"15":0,"16":0,"17":0,"18":0,"19":0,"20":0,"21":0,"22":0,"23":0,"24":0,"25":0,"26":0,"27":0,"28":0,"29":0,"30":0,"31":0,"32":0,"33":0,"34":0,"35":0,"36":0,"37":0,"38":0,"39":0,"40":0,"41":0},"f":{"0":0,"1":0,"2":0,"3":0,"4":0,"5":0,"6":0,"7":0,"8":0,"9":0,"10":0,"11":0},"b":{"0":[0,0],"1":[0,0],"2":[0,0],"3":[0,0],"4":[0,0]},"meta":{"lastBranch":5,"lastFunction":12,"lastStatement":42,"seen":{"s:24:41:177:Infinity":0,"f:26:13:26:26":0,"s:27:16:27:Infinity":1,"s:31:32:41:Infinity":2,"f:31:32:31:33":1,"s:32:6:40:Infinity":3,"b:39:38:39:81:39:81:39:Infinity":0,"s:43:4:175:Infinity":4,"f:44:26:44:27":2,"s:48:8:130:Infinity":5,"f:49:21:49:34":3,"s:51:32:53:Infinity":6,"f:51:48:51:49":4,"s:52:14:52:Infinity":7,"s:54:31:54:Infinity":8,"f:54:47:54:55":5,"s:54:55:54:69":9,"s:57:41:60:Infinity":10,"b:64:12:68:Infinity:undefined:undefined:undefined:undefined":1,"s:64:12:68:Infinity":11,"s:66:29:66:Infinity":12,"f:66:54:66:61":6,"s:66:61:66:85":13,"s:67:14:67:Infinity":14,"s:71:29:74:Infinity":15,"s:80:31:80:Infinity":16,"f:80:52:80:57":7,"s:80:57:80:66":17,"s:81:12:85:Infinity":18,"b:82:14:84:Infinity:undefined:undefined:undefined:undefined":2,"s:82:14:84:Infinity":19,"s:83:16:83:Infinity":20,"s:88:12:99:Infinity":21,"s:89:30:89:Infinity":22,"b:90:14:98:Infinity:undefined:undefined:undefined:undefined":3,"s:90:14:98:Infinity":23,"s:91:16:97:Infinity":24,"s:102:12:109:Infinity":25,"s:103:14:107:Infinity":26,"s:112:57:112:Infinity":27,"s:113:12:126:Infinity":28,"s:114:31:116:Infinity":29,"b:120:14:124:Infinity:undefined:undefined:undefined:undefined":4,"s:120:14:124:Infinity":30,"s:121:16:123:Infinity":31,"s:125:14:125:Infinity":32,"s:128:12:128:Infinity":33,"f:132:21:132:22":8,"s:133:8:140:Infinity":34,"f:133:19:133:32":9,"s:134:23:137:Infinity":35,"s:139:10:139:Infinity":36,"f:142:24:142:25":10,"s:144:8:174:Infinity":37,"f:145:21:145:34":11,"s:147:33:150:Infinity":38,"s:156:12:163:Infinity":39,"s:157:14:161:Infinity":40,"s:166:12:170:Infinity":41}}}
,"/Users/sethpearce/Projects/ecommerce-services-demo/services/inventory/src/repositories/StockAdjustmentRepositoryLive.ts": {"path":"/Users/sethpearce/Projects/ecommerce-services-demo/services/inventory/src/repositories/StockAdjustmentRepositoryLive.ts","statementMap":{"0":{"start":{"line":26,"column":45},"end":{"line":148,"column":null}},"1":{"start":{"line":29,"column":16},"end":{"line":29,"column":null}},"2":{"start":{"line":31,"column":4},"end":{"line":146,"column":null}},"3":{"start":{"line":33,"column":8},"end":{"line":145,"column":null}},"4":{"start":{"line":46,"column":25},"end":{"line":91,"column":null}},"5":{"start":{"line":120,"column":22},"end":{"line":120,"column":null}},"6":{"start":{"line":122,"column":10},"end":{"line":124,"column":null}},"7":{"start":{"line":123,"column":12},"end":{"line":123,"column":null}},"8":{"start":{"line":126,"column":29},"end":{"line":138,"column":null}},"9":{"start":{"line":140,"column":10},"end":{"line":142,"column":null}},"10":{"start":{"line":141,"column":12},"end":{"line":141,"column":null}},"11":{"start":{"line":144,"column":10},"end":{"line":144,"column":null}}},"fnMap":{"0":{"name":"(anonymous_0)","decl":{"start":{"line":28,"column":13},"end":{"line":28,"column":26}},"loc":{"start":{"line":28,"column":26},"end":{"line":147,"column":3}},"line":28},"1":{"name":"(anonymous_1)","decl":{"start":{"line":32,"column":22},"end":{"line":32,"column":23}},"loc":{"start":{"line":33,"column":8},"end":{"line":145,"column":null}},"line":33},"2":{"name":"(anonymous_2)","decl":{"start":{"line":33,"column":19},"end":{"line":33,"column":32}},"loc":{"start":{"line":33,"column":32},"end":{"line":145,"column":9}},"line":33}},"branchMap":{"0":{"loc":{"start":{"line":122,"column":10},"end":{"line":124,"column":null}},"type":"if","locations":[{"start":{"line":122,"column":10},"end":{"line":124,"column":null}},{"start":{},"end":{}}],"line":122},"1":{"loc":{"start":{"line":140,"column":10},"end":{"line":142,"column":null}},"type":"if","locations":[{"start":{"line":140,"column":10},"end":{"line":142,"column":null}},{"start":{},"end":{}}],"line":140}},"s":{"0":0,"1":0,"2":0,"3":0,"4":0,"5":0,"6":0,"7":0,"8":0,"9":0,"10":0,"11":0},"f":{"0":0,"1":0,"2":0},"b":{"0":[0,0],"1":[0,0]},"meta":{"lastBranch":2,"lastFunction":3,"lastStatement":12,"seen":{"s:26:45:148:Infinity":0,"f:28:13:28:26":0,"s:29:16:29:Infinity":1,"s:31:4:146:Infinity":2,"f:32:22:32:23":1,"s:33:8:145:Infinity":3,"f:33:19:33:32":2,"s:46:25:91:Infinity":4,"s:120:22:120:Infinity":5,"b:122:10:124:Infinity:undefined:undefined:undefined:undefined":0,"s:122:10:124:Infinity":6,"s:123:12:123:Infinity":7,"s:126:29:138:Infinity":8,"b:140:10:142:Infinity:undefined:undefined:undefined:undefined":1,"s:140:10:142:Infinity":9,"s:141:12:141:Infinity":10,"s:144:10:144:Infinity":11}}}
,"/Users/sethpearce/Projects/ecommerce-services-demo/services/inventory/src/services/InventoryServiceLive.ts": {"path":"/Users/sethpearce/Projects/ecommerce-services-demo/services/inventory/src/services/InventoryServiceLive.ts","statementMap":{"0":{"start":{"line":10,"column":36},"end":{"line":113,"column":null}},"1":{"start":{"line":13,"column":32},"end":{"line":13,"column":null}},"2":{"start":{"line":14,"column":24},"end":{"line":14,"column":null}},"3":{"start":{"line":15,"column":28},"end":{"line":15,"column":null}},"4":{"start":{"line":17,"column":4},"end":{"line":111,"column":null}},"5":{"start":{"line":19,"column":8},"end":{"line":67,"column":null}},"6":{"start":{"line":26,"column":25},"end":{"line":34,"column":null}},"7":{"start":{"line":37,"column":27},"end":{"line":64,"column":null}},"8":{"start":{"line":39,"column":14},"end":{"line":39,"column":null}},"9":{"start":{"line":42,"column":14},"end":{"line":50,"column":null}},"10":{"start":{"line":53,"column":14},"end":{"line":61,"column":null}},"11":{"start":{"line":66,"column":10},"end":{"line":66,"column":null}},"12":{"start":{"line":70,"column":8},"end":{"line":76,"column":null}},"13":{"start":{"line":71,"column":26},"end":{"line":71,"column":null}},"14":{"start":{"line":72,"column":10},"end":{"line":75,"column":null}},"15":{"start":{"line":73,"column":26},"end":{"line":73,"column":null}},"16":{"start":{"line":74,"column":27},"end":{"line":74,"column":null}},"17":{"start":{"line":79,"column":8},"end":{"line":107,"column":null}},"18":{"start":{"line":80,"column":25},"end":{"line":83,"column":null}},"19":{"start":{"line":86,"column":10},"end":{"line":106,"column":null}},"20":{"start":{"line":88,"column":14},"end":{"line":88,"column":null}},"21":{"start":{"line":91,"column":14},"end":{"line":96,"column":null}},"22":{"start":{"line":100,"column":14},"end":{"line":100,"column":null}},"23":{"start":{"line":100,"column":51},"end":{"line":100,"column":55}},"24":{"start":{"line":103,"column":14},"end":{"line":103,"column":null}},"25":{"start":{"line":103,"column":51},"end":{"line":103,"column":55}},"26":{"start":{"line":110,"column":8},"end":{"line":110,"column":null}}},"fnMap":{"0":{"name":"(anonymous_0)","decl":{"start":{"line":12,"column":13},"end":{"line":12,"column":26}},"loc":{"start":{"line":12,"column":26},"end":{"line":112,"column":3}},"line":12},"1":{"name":"(anonymous_1)","decl":{"start":{"line":18,"column":16},"end":{"line":18,"column":17}},"loc":{"start":{"line":19,"column":8},"end":{"line":67,"column":null}},"line":19},"2":{"name":"(anonymous_2)","decl":{"start":{"line":19,"column":19},"end":{"line":19,"column":32}},"loc":{"start":{"line":19,"column":32},"end":{"line":67,"column":9}},"line":19},"3":{"name":"(anonymous_3)","decl":{"start":{"line":38,"column":41},"end":{"line":38,"column":null}},"loc":{"start":{"line":39,"column":14},"end":{"line":39,"column":null}},"line":39},"4":{"name":"(anonymous_4)","decl":{"start":{"line":41,"column":39},"end":{"line":41,"column":40}},"loc":{"start":{"line":42,"column":14},"end":{"line":50,"column":null}},"line":42},"5":{"name":"(anonymous_5)","decl":{"start":{"line":52,"column":33},"end":{"line":52,"column":34}},"loc":{"start":{"line":53,"column":14},"end":{"line":61,"column":null}},"line":53},"6":{"name":"(anonymous_6)","decl":{"start":{"line":69,"column":23},"end":{"line":69,"column":24}},"loc":{"start":{"line":70,"column":8},"end":{"line":76,"column":null}},"line":70},"7":{"name":"(anonymous_7)","decl":{"start":{"line":70,"column":19},"end":{"line":70,"column":32}},"loc":{"start":{"line":70,"column":32},"end":{"line":76,"column":9}},"line":70},"8":{"name":"(anonymous_8)","decl":{"start":{"line":73,"column":20},"end":{"line":73,"column":26}},"loc":{"start":{"line":73,"column":26},"end":{"line":73,"column":null}},"line":73},"9":{"name":"(anonymous_9)","decl":{"start":{"line":74,"column":20},"end":{"line":74,"column":21}},"loc":{"start":{"line":74,"column":27},"end":{"line":74,"column":null}},"line":74},"10":{"name":"(anonymous_10)","decl":{"start":{"line":78,"column":20},"end":{"line":78,"column":21}},"loc":{"start":{"line":79,"column":8},"end":{"line":107,"column":null}},"line":79},"11":{"name":"(anonymous_11)","decl":{"start":{"line":79,"column":19},"end":{"line":79,"column":32}},"loc":{"start":{"line":79,"column":32},"end":{"line":107,"column":9}},"line":79},"12":{"name":"(anonymous_12)","decl":{"start":{"line":87,"column":41},"end":{"line":87,"column":42}},"loc":{"start":{"line":88,"column":14},"end":{"line":88,"column":null}},"line":88},"13":{"name":"(anonymous_13)","decl":{"start":{"line":90,"column":43},"end":{"line":90,"column":44}},"loc":{"start":{"line":91,"column":14},"end":{"line":96,"column":null}},"line":91},"14":{"name":"(anonymous_14)","decl":{"start":{"line":98,"column":41},"end":{"line":98,"column":42}},"loc":{"start":{"line":100,"column":14},"end":{"line":100,"column":null}},"line":100},"15":{"name":"(anonymous_15)","decl":{"start":{"line":100,"column":46},"end":{"line":100,"column":51}},"loc":{"start":{"line":100,"column":51},"end":{"line":100,"column":55}},"line":100},"16":{"name":"(anonymous_16)","decl":{"start":{"line":102,"column":34},"end":{"line":102,"column":35}},"loc":{"start":{"line":103,"column":14},"end":{"line":103,"column":null}},"line":103},"17":{"name":"(anonymous_17)","decl":{"start":{"line":103,"column":46},"end":{"line":103,"column":51}},"loc":{"start":{"line":103,"column":51},"end":{"line":103,"column":55}},"line":103},"18":{"name":"(anonymous_18)","decl":{"start":{"line":109,"column":20},"end":{"line":109,"column":21}},"loc":{"start":{"line":110,"column":8},"end":{"line":110,"column":null}},"line":110}},"branchMap":{},"s":{"0":2,"1":14,"2":14,"3":14,"4":14,"5":5,"6":5,"7":5,"8":1,"9":1,"10":3,"11":5,"12":2,"13":2,"14":2,"15":1,"16":1,"17":6,"18":6,"19":6,"20":1,"21":1,"22":1,"23":2,"24":3,"25":4,"26":1},"f":{"0":14,"1":5,"2":5,"3":1,"4":1,"5":3,"6":2,"7":2,"8":1,"9":1,"10":6,"11":6,"12":1,"13":1,"14":1,"15":2,"16":3,"17":4,"18":1},"b":{},"meta":{"lastBranch":0,"lastFunction":19,"lastStatement":27,"seen":{"s:10:36:113:Infinity":0,"f:12:13:12:26":0,"s:13:32:13:Infinity":1,"s:14:24:14:Infinity":2,"s:15:28:15:Infinity":3,"s:17:4:111:Infinity":4,"f:18:16:18:17":1,"s:19:8:67:Infinity":5,"f:19:19:19:32":2,"s:26:25:34:Infinity":6,"s:37:27:64:Infinity":7,"f:38:41:38:Infinity":3,"s:39:14:39:Infinity":8,"f:41:39:41:40":4,"s:42:14:50:Infinity":9,"f:52:33:52:34":5,"s:53:14:61:Infinity":10,"s:66:10:66:Infinity":11,"f:69:23:69:24":6,"s:70:8:76:Infinity":12,"f:70:19:70:32":7,"s:71:26:71:Infinity":13,"s:72:10:75:Infinity":14,"f:73:20:73:26":8,"s:73:26:73:Infinity":15,"f:74:20:74:21":9,"s:74:27:74:Infinity":16,"f:78:20:78:21":10,"s:79:8:107:Infinity":17,"f:79:19:79:32":11,"s:80:25:83:Infinity":18,"s:86:10:106:Infinity":19,"f:87:41:87:42":12,"s:88:14:88:Infinity":20,"f:90:43:90:44":13,"s:91:14:96:Infinity":21,"f:98:41:98:42":14,"s:100:14:100:Infinity":22,"f:100:46:100:51":15,"s:100:51:100:55":23,"f:102:34:102:35":16,"s:103:14:103:Infinity":24,"f:103:46:103:51":17,"s:103:51:103:55":25,"f:109:20:109:21":18,"s:110:8:110:Infinity":26}}}
,"/Users/sethpearce/Projects/ecommerce-services-demo/services/inventory/src/services/ProductServiceLive.ts": {"path":"/Users/sethpearce/Projects/ecommerce-services-demo/services/inventory/src/services/ProductServiceLive.ts","statementMap":{"0":{"start":{"line":9,"column":2},"end":{"line":11,"column":null}},"1":{"start":{"line":10,"column":2},"end":{"line":11,"column":null}},"2":{"start":{"line":11,"column":4},"end":{"line":11,"column":null}},"3":{"start":{"line":13,"column":34},"end":{"line":49,"column":null}},"4":{"start":{"line":16,"column":17},"end":{"line":16,"column":null}},"5":{"start":{"line":18,"column":4},"end":{"line":47,"column":null}},"6":{"start":{"line":20,"column":8},"end":{"line":36,"column":null}},"7":{"start":{"line":24,"column":16},"end":{"line":26,"column":null}},"8":{"start":{"line":28,"column":16},"end":{"line":33,"column":null}},"9":{"start":{"line":39,"column":8},"end":{"line":41,"column":null}},"10":{"start":{"line":40,"column":42},"end":{"line":40,"column":103}},"11":{"start":{"line":44,"column":8},"end":{"line":46,"column":null}},"12":{"start":{"line":45,"column":42},"end":{"line":45,"column":105}}},"fnMap":{"0":{"name":"(anonymous_0)","decl":{"start":{"line":9,"column":2},"end":{"line":9,"column":6}},"loc":{"start":{"line":10,"column":2},"end":{"line":11,"column":null}},"line":10},"1":{"name":"(anonymous_1)","decl":{"start":{"line":10,"column":2},"end":{"line":10,"column":6}},"loc":{"start":{"line":11,"column":4},"end":{"line":11,"column":null}},"line":11},"2":{"name":"(anonymous_2)","decl":{"start":{"line":15,"column":13},"end":{"line":15,"column":26}},"loc":{"start":{"line":15,"column":26},"end":{"line":48,"column":3}},"line":15},"3":{"name":"(anonymous_3)","decl":{"start":{"line":19,"column":14},"end":{"line":19,"column":15}},"loc":{"start":{"line":20,"column":8},"end":{"line":36,"column":null}},"line":20},"4":{"name":"(anonymous_4)","decl":{"start":{"line":23,"column":22},"end":{"line":23,"column":23}},"loc":{"start":{"line":24,"column":16},"end":{"line":26,"column":null}},"line":24},"5":{"name":"(anonymous_5)","decl":{"start":{"line":27,"column":22},"end":{"line":27,"column":null}},"loc":{"start":{"line":28,"column":16},"end":{"line":33,"column":null}},"line":28},"6":{"name":"(anonymous_6)","decl":{"start":{"line":38,"column":16},"end":{"line":38,"column":17}},"loc":{"start":{"line":39,"column":8},"end":{"line":41,"column":null}},"line":39},"7":{"name":"(anonymous_7)","decl":{"start":{"line":40,"column":36},"end":{"line":40,"column":42}},"loc":{"start":{"line":40,"column":42},"end":{"line":40,"column":103}},"line":40},"8":{"name":"(anonymous_8)","decl":{"start":{"line":43,"column":17},"end":{"line":43,"column":18}},"loc":{"start":{"line":44,"column":8},"end":{"line":46,"column":null}},"line":44},"9":{"name":"(anonymous_9)","decl":{"start":{"line":45,"column":36},"end":{"line":45,"column":42}},"loc":{"start":{"line":45,"column":42},"end":{"line":45,"column":105}},"line":45}},"branchMap":{"0":{"loc":{"start":{"line":11,"column":4},"end":{"line":11,"column":null}},"type":"cond-expr","locations":[{"start":{"line":11,"column":28},"end":{"line":11,"column":59}},{"start":{"line":11,"column":59},"end":{"line":11,"column":null}}],"line":11}},"s":{"0":1,"1":4,"2":4,"3":1,"4":7,"5":7,"6":3,"7":1,"8":2,"9":2,"10":1,"11":2,"12":1},"f":{"0":4,"1":4,"2":7,"3":3,"4":1,"5":2,"6":2,"7":1,"8":2,"9":1},"b":{"0":[2,2]},"meta":{"lastBranch":1,"lastFunction":10,"lastStatement":13,"seen":{"s:9:2:11:Infinity":0,"f:9:2:9:6":0,"s:10:2:11:Infinity":1,"f:10:2:10:6":1,"s:11:4:11:Infinity":2,"b:11:28:11:59:11:59:11:Infinity":0,"s:13:34:49:Infinity":3,"f:15:13:15:26":2,"s:16:17:16:Infinity":4,"s:18:4:47:Infinity":5,"f:19:14:19:15":3,"s:20:8:36:Infinity":6,"f:23:22:23:23":4,"s:24:16:26:Infinity":7,"f:27:22:27:Infinity":5,"s:28:16:33:Infinity":8,"f:38:16:38:17":6,"s:39:8:41:Infinity":9,"f:40:36:40:42":7,"s:40:42:40:103":10,"f:43:17:43:18":8,"s:44:8:46:Infinity":11,"f:45:36:45:42":9,"s:45:42:45:105":12}}}
}
