{"/Users/sethpearce/Projects/ecommerce-services-demo/services/inventory/src/repositories/ProductRepositoryLive.ts": {"path":"/Users/sethpearce/Projects/ecommerce-services-demo/services/inventory/src/repositories/ProductRepositoryLive.ts","statementMap":{"0":{"start":{"line":16,"column":24},"end":{"line":25,"column":null}},"1":{"start":{"line":17,"column":2},"end":{"line":25,"column":null}},"2":{"start":{"line":27,"column":37},"end":{"line":74,"column":null}},"3":{"start":{"line":30,"column":16},"end":{"line":30,"column":null}},"4":{"start":{"line":32,"column":4},"end":{"line":72,"column":null}},"5":{"start":{"line":34,"column":8},"end":{"line":42,"column":null}},"6":{"start":{"line":35,"column":16},"end":{"line":35,"column":null}},"7":{"start":{"line":36,"column":25},"end":{"line":38,"column":null}},"8":{"start":{"line":41,"column":10},"end":{"line":41,"column":null}},"9":{"start":{"line":45,"column":8},"end":{"line":52,"column":null}},"10":{"start":{"line":46,"column":25},"end":{"line":47,"column":null}},"11":{"start":{"line":49,"column":10},"end":{"line":51,"column":null}},"12":{"start":{"line":55,"column":8},"end":{"line":62,"column":null}},"13":{"start":{"line":56,"column":25},"end":{"line":57,"column":null}},"14":{"start":{"line":59,"column":10},"end":{"line":61,"column":null}},"15":{"start":{"line":65,"column":8},"end":{"line":71,"column":null}},"16":{"start":{"line":66,"column":10},"end":{"line":69,"column":null}}},"fnMap":{"0":{"name":"(anonymous_0)","decl":{"start":{"line":16,"column":24},"end":{"line":16,"column":25}},"loc":{"start":{"line":17,"column":2},"end":{"line":25,"column":null}},"line":17},"1":{"name":"(anonymous_1)","decl":{"start":{"line":29,"column":13},"end":{"line":29,"column":26}},"loc":{"start":{"line":29,"column":26},"end":{"line":73,"column":3}},"line":29},"2":{"name":"(anonymous_2)","decl":{"start":{"line":33,"column":14},"end":{"line":33,"column":15}},"loc":{"start":{"line":34,"column":8},"end":{"line":42,"column":null}},"line":34},"3":{"name":"(anonymous_3)","decl":{"start":{"line":34,"column":19},"end":{"line":34,"column":32}},"loc":{"start":{"line":34,"column":32},"end":{"line":42,"column":9}},"line":34},"4":{"name":"(anonymous_4)","decl":{"start":{"line":44,"column":16},"end":{"line":44,"column":17}},"loc":{"start":{"line":45,"column":8},"end":{"line":52,"column":null}},"line":45},"5":{"name":"(anonymous_5)","decl":{"start":{"line":45,"column":19},"end":{"line":45,"column":32}},"loc":{"start":{"line":45,"column":32},"end":{"line":52,"column":9}},"line":45},"6":{"name":"(anonymous_6)","decl":{"start":{"line":54,"column":17},"end":{"line":54,"column":18}},"loc":{"start":{"line":55,"column":8},"end":{"line":62,"column":null}},"line":55},"7":{"name":"(anonymous_7)","decl":{"start":{"line":55,"column":19},"end":{"line":55,"column":32}},"loc":{"start":{"line":55,"column":32},"end":{"line":62,"column":9}},"line":55},"8":{"name":"(anonymous_8)","decl":{"start":{"line":64,"column":19},"end":{"line":64,"column":20}},"loc":{"start":{"line":65,"column":8},"end":{"line":71,"column":null}},"line":65},"9":{"name":"(anonymous_9)","decl":{"start":{"line":65,"column":19},"end":{"line":65,"column":32}},"loc":{"start":{"line":65,"column":32},"end":{"line":71,"column":9}},"line":65}},"branchMap":{"0":{"loc":{"start":{"line":49,"column":17},"end":{"line":51,"column":null}},"type":"cond-expr","locations":[{"start":{"line":50,"column":14},"end":{"line":50,"column":null}},{"start":{"line":51,"column":14},"end":{"line":51,"column":null}}],"line":49},"1":{"loc":{"start":{"line":59,"column":17},"end":{"line":61,"column":null}},"type":"cond-expr","locations":[{"start":{"line":60,"column":14},"end":{"line":60,"column":null}},{"start":{"line":61,"column":14},"end":{"line":61,"column":null}}],"line":59}},"s":{"0":1,"1":7,"2":1,"3":9,"4":9,"5":2,"6":2,"7":2,"8":2,"9":5,"10":5,"11":5,"12":2,"13":2,"14":2,"15":0,"16":0},"f":{"0":7,"1":9,"2":2,"3":2,"4":5,"5":5,"6":2,"7":2,"8":0,"9":0},"b":{"0":[4,1],"1":[1,1]},"meta":{"lastBranch":2,"lastFunction":10,"lastStatement":17,"seen":{"s:16:24:25:Infinity":0,"f:16:24:16:25":0,"s:17:2:25:Infinity":1,"s:27:37:74:Infinity":2,"f:29:13:29:26":1,"s:30:16:30:Infinity":3,"s:32:4:72:Infinity":4,"f:33:14:33:15":2,"s:34:8:42:Infinity":5,"f:34:19:34:32":3,"s:35:16:35:Infinity":6,"s:36:25:38:Infinity":7,"s:41:10:41:Infinity":8,"f:44:16:44:17":4,"s:45:8:52:Infinity":9,"f:45:19:45:32":5,"s:46:25:47:Infinity":10,"s:49:10:51:Infinity":11,"b:50:14:50:Infinity:51:14:51:Infinity":0,"f:54:17:54:18":6,"s:55:8:62:Infinity":12,"f:55:19:55:32":7,"s:56:25:57:Infinity":13,"s:59:10:61:Infinity":14,"b:60:14:60:Infinity:61:14:61:Infinity":1,"f:64:19:64:20":8,"s:65:8:71:Infinity":15,"f:65:19:65:32":9,"s:66:10:69:Infinity":16}}}
,"/Users/sethpearce/Projects/ecommerce-services-demo/services/inventory/src/services/ProductServiceLive.ts": {"path":"/Users/sethpearce/Projects/ecommerce-services-demo/services/inventory/src/services/ProductServiceLive.ts","statementMap":{"0":{"start":{"line":7,"column":34},"end":{"line":70,"column":null}},"1":{"start":{"line":10,"column":17},"end":{"line":10,"column":null}},"2":{"start":{"line":12,"column":4},"end":{"line":68,"column":null}},"3":{"start":{"line":14,"column":8},"end":{"line":35,"column":null}},"4":{"start":{"line":16,"column":27},"end":{"line":16,"column":null}},"5":{"start":{"line":17,"column":10},"end":{"line":24,"column":null}},"6":{"start":{"line":18,"column":12},"end":{"line":23,"column":null}},"7":{"start":{"line":27,"column":26},"end":{"line":32,"column":null}},"8":{"start":{"line":34,"column":10},"end":{"line":34,"column":null}},"9":{"start":{"line":38,"column":8},"end":{"line":51,"column":null}},"10":{"start":{"line":42,"column":16},"end":{"line":47,"column":null}},"11":{"start":{"line":54,"column":8},"end":{"line":67,"column":null}},"12":{"start":{"line":58,"column":16},"end":{"line":63,"column":null}}},"fnMap":{"0":{"name":"(anonymous_0)","decl":{"start":{"line":9,"column":13},"end":{"line":9,"column":26}},"loc":{"start":{"line":9,"column":26},"end":{"line":69,"column":3}},"line":9},"1":{"name":"(anonymous_1)","decl":{"start":{"line":13,"column":14},"end":{"line":13,"column":15}},"loc":{"start":{"line":14,"column":8},"end":{"line":35,"column":null}},"line":14},"2":{"name":"(anonymous_2)","decl":{"start":{"line":14,"column":19},"end":{"line":14,"column":32}},"loc":{"start":{"line":14,"column":32},"end":{"line":35,"column":9}},"line":14},"3":{"name":"(anonymous_3)","decl":{"start":{"line":37,"column":16},"end":{"line":37,"column":17}},"loc":{"start":{"line":38,"column":8},"end":{"line":51,"column":null}},"line":38},"4":{"name":"(anonymous_4)","decl":{"start":{"line":41,"column":22},"end":{"line":41,"column":null}},"loc":{"start":{"line":42,"column":16},"end":{"line":47,"column":null}},"line":42},"5":{"name":"(anonymous_5)","decl":{"start":{"line":53,"column":17},"end":{"line":53,"column":18}},"loc":{"start":{"line":54,"column":8},"end":{"line":67,"column":null}},"line":54},"6":{"name":"(anonymous_6)","decl":{"start":{"line":57,"column":22},"end":{"line":57,"column":null}},"loc":{"start":{"line":58,"column":16},"end":{"line":63,"column":null}},"line":58}},"branchMap":{"0":{"loc":{"start":{"line":17,"column":10},"end":{"line":24,"column":null}},"type":"if","locations":[{"start":{"line":17,"column":10},"end":{"line":24,"column":null}},{"start":{},"end":{}}],"line":17}},"s":{"0":1,"1":7,"2":7,"3":3,"4":3,"5":3,"6":1,"7":2,"8":2,"9":2,"10":1,"11":2,"12":1},"f":{"0":7,"1":3,"2":3,"3":2,"4":1,"5":2,"6":1},"b":{"0":[1,2]},"meta":{"lastBranch":1,"lastFunction":7,"lastStatement":13,"seen":{"s:7:34:70:Infinity":0,"f:9:13:9:26":0,"s:10:17:10:Infinity":1,"s:12:4:68:Infinity":2,"f:13:14:13:15":1,"s:14:8:35:Infinity":3,"f:14:19:14:32":2,"s:16:27:16:Infinity":4,"b:17:10:24:Infinity:undefined:undefined:undefined:undefined":0,"s:17:10:24:Infinity":5,"s:18:12:23:Infinity":6,"s:27:26:32:Infinity":7,"s:34:10:34:Infinity":8,"f:37:16:37:17":3,"s:38:8:51:Infinity":9,"f:41:22:41:Infinity":4,"s:42:16:47:Infinity":10,"f:53:17:53:18":5,"s:54:8:67:Infinity":11,"f:57:22:57:Infinity":6,"s:58:16:63:Infinity":12}}}
}
