<?xml version="1.0" encoding="UTF-8"?>
<coverage generated="1769448387817" clover="3.2.0">
  <project timestamp="1769448387817" name="All files">
    <metrics statements="113" coveredstatements="105" conditionals="50" coveredconditionals="43" methods="27" coveredmethods="21" elements="190" coveredelements="169" complexity="0" loc="113" ncloc="113" packages="3" files="7" classes="7"/>
    <package name="src">
      <metrics statements="2" coveredstatements="2" conditionals="0" coveredconditionals="0" methods="1" coveredmethods="1"/>
      <file name="config.ts" path="/Users/sethpearce/Projects/ecommerce-services-demo/services/payment/src/config.ts">
        <metrics statements="2" coveredstatements="2" conditionals="0" coveredconditionals="0" methods="1" coveredmethods="1"/>
        <line num="12" count="2" type="stmt"/>
        <line num="15" count="5" type="stmt"/>
      </file>
    </package>
    <package name="src.domain">
      <metrics statements="10" coveredstatements="4" conditionals="0" coveredconditionals="0" methods="7" coveredmethods="1"/>
      <file name="Authorization.ts" path="/Users/sethpearce/Projects/ecommerce-services-demo/services/payment/src/domain/Authorization.ts">
        <metrics statements="5" coveredstatements="2" conditionals="0" coveredconditionals="0" methods="4" coveredmethods="1"/>
        <line num="4" count="2" type="stmt"/>
        <line num="14" count="0" type="stmt"/>
        <line num="18" count="2" type="stmt"/>
        <line num="21" count="0" type="stmt"/>
        <line num="24" count="0" type="stmt"/>
      </file>
      <file name="Capture.ts" path="/Users/sethpearce/Projects/ecommerce-services-demo/services/payment/src/domain/Capture.ts">
        <metrics statements="4" coveredstatements="2" conditionals="0" coveredconditionals="0" methods="2" coveredmethods="0"/>
        <line num="3" count="2" type="stmt"/>
        <line num="10" count="2" type="stmt"/>
        <line num="13" count="0" type="stmt"/>
        <line num="21" count="0" type="stmt"/>
      </file>
      <file name="Void.ts" path="/Users/sethpearce/Projects/ecommerce-services-demo/services/payment/src/domain/Void.ts">
        <metrics statements="1" coveredstatements="0" conditionals="0" coveredconditionals="0" methods="1" coveredmethods="0"/>
        <line num="6" count="0" type="stmt"/>
      </file>
      <file name="errors.ts" path="/Users/sethpearce/Projects/ecommerce-services-demo/services/payment/src/domain/errors.ts">
        <metrics statements="0" coveredstatements="0" conditionals="0" coveredconditionals="0" methods="0" coveredmethods="0"/>
      </file>
    </package>
    <package name="src.services">
      <metrics statements="101" coveredstatements="99" conditionals="50" coveredconditionals="43" methods="19" coveredmethods="19"/>
      <file name="PaymentGatewayService.ts" path="/Users/sethpearce/Projects/ecommerce-services-demo/services/payment/src/services/PaymentGatewayService.ts">
        <metrics statements="0" coveredstatements="0" conditionals="0" coveredconditionals="0" methods="0" coveredmethods="0"/>
      </file>
      <file name="PaymentGatewayServiceLive.ts" path="/Users/sethpearce/Projects/ecommerce-services-demo/services/payment/src/services/PaymentGatewayServiceLive.ts">
        <metrics statements="101" coveredstatements="99" conditionals="50" coveredconditionals="43" methods="19" coveredmethods="19"/>
        <line num="34" count="1" type="stmt"/>
        <line num="35" count="17" type="stmt"/>
        <line num="36" count="408" type="stmt"/>
        <line num="41" count="1" type="stmt"/>
        <line num="42" count="6" type="stmt"/>
        <line num="43" count="144" type="stmt"/>
        <line num="49" count="1" type="stmt"/>
        <line num="51" count="21" type="cond" truecount="2" falsecount="0"/>
        <line num="52" count="1" type="stmt"/>
        <line num="54" count="20" type="cond" truecount="2" falsecount="0"/>
        <line num="55" count="1" type="stmt"/>
        <line num="57" count="19" type="cond" truecount="2" falsecount="0"/>
        <line num="58" count="1" type="stmt"/>
        <line num="60" count="18" type="cond" truecount="2" falsecount="0"/>
        <line num="61" count="1" type="stmt"/>
        <line num="63" count="17" type="stmt"/>
        <line num="66" count="1" type="stmt"/>
        <line num="69" count="25" type="stmt"/>
        <line num="72" count="25" type="stmt"/>
        <line num="80" count="25" type="stmt"/>
        <line num="81" count="41" type="cond" truecount="1" falsecount="1"/>
        <line num="82" count="0" type="stmt"/>
        <line num="87" count="25" type="stmt"/>
        <line num="88" count="41" type="cond" truecount="4" falsecount="0"/>
        <line num="89" count="1" type="stmt"/>
        <line num="96" count="25" type="stmt"/>
        <line num="98" count="23" type="stmt"/>
        <line num="99" count="23" type="stmt"/>
        <line num="100" count="23" type="stmt"/>
        <line num="102" count="22" type="stmt"/>
        <line num="105" count="22" type="stmt"/>
        <line num="106" count="22" type="cond" truecount="2" falsecount="0"/>
        <line num="107" count="1" type="stmt"/>
        <line num="108" count="1" type="cond" truecount="1" falsecount="1"/>
        <line num="109" count="1" type="stmt"/>
        <line num="113" count="1" type="stmt"/>
        <line num="124" count="21" type="stmt"/>
        <line num="125" count="21" type="cond" truecount="2" falsecount="0"/>
        <line num="126" count="4" type="stmt"/>
        <line num="130" count="4" type="stmt"/>
        <line num="138" count="17" type="stmt"/>
        <line num="139" count="17" type="stmt"/>
        <line num="141" count="17" type="stmt"/>
        <line num="152" count="17" type="stmt"/>
        <line num="161" count="17" type="stmt"/>
        <line num="167" count="17" type="stmt"/>
        <line num="177" count="10" type="stmt"/>
        <line num="178" count="10" type="stmt"/>
        <line num="179" count="10" type="stmt"/>
        <line num="181" count="10" type="stmt"/>
        <line num="184" count="10" type="stmt"/>
        <line num="185" count="10" type="cond" truecount="2" falsecount="0"/>
        <line num="186" count="1" type="stmt"/>
        <line num="187" count="1" type="cond" truecount="1" falsecount="1"/>
        <line num="188" count="1" type="stmt"/>
        <line num="192" count="1" type="stmt"/>
        <line num="193" count="1" type="stmt"/>
        <line num="205" count="9" type="stmt"/>
        <line num="206" count="9" type="cond" truecount="2" falsecount="0"/>
        <line num="207" count="1" type="stmt"/>
        <line num="214" count="8" type="cond" truecount="2" falsecount="0"/>
        <line num="215" count="1" type="stmt"/>
        <line num="222" count="7" type="cond" truecount="2" falsecount="0"/>
        <line num="224" count="1" type="stmt"/>
        <line num="225" count="1" type="cond" truecount="1" falsecount="1"/>
        <line num="226" count="1" type="stmt"/>
        <line num="239" count="6" type="stmt"/>
        <line num="240" count="6" type="cond" truecount="2" falsecount="0"/>
        <line num="241" count="10" type="stmt"/>
        <line num="243" count="10" type="stmt"/>
        <line num="244" count="6" type="stmt"/>
        <line num="245" count="6" type="stmt"/>
        <line num="247" count="6" type="stmt"/>
        <line num="262" count="6" type="stmt"/>
        <line num="268" count="6" type="stmt"/>
        <line num="279" count="8" type="stmt"/>
        <line num="280" count="8" type="stmt"/>
        <line num="281" count="8" type="stmt"/>
        <line num="283" count="8" type="stmt"/>
        <line num="286" count="8" type="stmt"/>
        <line num="287" count="8" type="cond" truecount="2" falsecount="0"/>
        <line num="288" count="1" type="stmt"/>
        <line num="295" count="7" type="cond" truecount="2" falsecount="0"/>
        <line num="297" count="1" type="stmt"/>
        <line num="298" count="1" type="cond" truecount="1" falsecount="1"/>
        <line num="299" count="1" type="stmt"/>
        <line num="307" count="0" type="stmt"/>
        <line num="315" count="6" type="stmt"/>
        <line num="316" count="6" type="cond" truecount="2" falsecount="0"/>
        <line num="317" count="1" type="stmt"/>
        <line num="318" count="1" type="stmt"/>
        <line num="326" count="5" type="stmt"/>
        <line num="327" count="5" type="stmt"/>
        <line num="328" count="5" type="stmt"/>
        <line num="329" count="5" type="stmt"/>
        <line num="332" count="5" type="stmt"/>
        <line num="337" count="5" type="stmt"/>
        <line num="345" count="4" type="stmt"/>
        <line num="346" count="4" type="stmt"/>
        <line num="347" count="4" type="stmt"/>
        <line num="348" count="4" type="cond" truecount="2" falsecount="0"/>
      </file>
    </package>
  </project>
</coverage>
