{"/Users/sethpearce/Projects/ecommerce-services-demo/services/payment/src/config.ts": {"path":"/Users/sethpearce/Projects/ecommerce-services-demo/services/payment/src/config.ts","statementMap":{"0":{"start":{"line":12,"column":33},"end":{"line":21,"column":null}},"1":{"start":{"line":15,"column":4},"end":{"line":19,"column":null}}},"fnMap":{"0":{"name":"(anonymous_0)","decl":{"start":{"line":14,"column":13},"end":{"line":14,"column":26}},"loc":{"start":{"line":14,"column":26},"end":{"line":20,"column":3}},"line":14}},"branchMap":{},"s":{"0":2,"1":5},"f":{"0":5},"b":{},"meta":{"lastBranch":0,"lastFunction":1,"lastStatement":2,"seen":{"s:12:33:21:Infinity":0,"f:14:13:14:26":0,"s:15:4:19:Infinity":1}}}
,"/Users/sethpearce/Projects/ecommerce-services-demo/services/payment/src/domain/Authorization.ts": {"path":"/Users/sethpearce/Projects/ecommerce-services-demo/services/payment/src/domain/Authorization.ts","statementMap":{"0":{"start":{"line":4,"column":31},"end":{"line":7,"column":null}},"1":{"start":{"line":14,"column":37},"end":{"line":14,"column":63}},"2":{"start":{"line":18,"column":21},"end":{"line":18,"column":36}},"3":{"start":{"line":21,"column":41},"end":{"line":21,"column":69}},"4":{"start":{"line":24,"column":41},"end":{"line":24,"column":71}}},"fnMap":{"0":{"name":"(anonymous_0)","decl":{"start":{"line":14,"column":31},"end":{"line":14,"column":37}},"loc":{"start":{"line":14,"column":37},"end":{"line":14,"column":63}},"line":14},"1":{"name":"(anonymous_1)","decl":{"start":{"line":18,"column":15},"end":{"line":18,"column":21}},"loc":{"start":{"line":18,"column":21},"end":{"line":18,"column":36}},"line":18},"2":{"name":"(anonymous_2)","decl":{"start":{"line":21,"column":35},"end":{"line":21,"column":41}},"loc":{"start":{"line":21,"column":41},"end":{"line":21,"column":69}},"line":21},"3":{"name":"(anonymous_3)","decl":{"start":{"line":24,"column":35},"end":{"line":24,"column":41}},"loc":{"start":{"line":24,"column":41},"end":{"line":24,"column":71}},"line":24}},"branchMap":{},"s":{"0":2,"1":0,"2":2,"3":0,"4":0},"f":{"0":0,"1":2,"2":0,"3":0},"b":{},"meta":{"lastBranch":0,"lastFunction":4,"lastStatement":5,"seen":{"s:4:31:7:Infinity":0,"f:14:31:14:37":0,"s:14:37:14:63":1,"f:18:15:18:21":1,"s:18:21:18:36":2,"f:21:35:21:41":2,"s:21:41:21:69":3,"f:24:35:24:41":3,"s:24:41:24:71":4}}}
,"/Users/sethpearce/Projects/ecommerce-services-demo/services/payment/src/domain/Capture.ts": {"path":"/Users/sethpearce/Projects/ecommerce-services-demo/services/payment/src/domain/Capture.ts","statementMap":{"0":{"start":{"line":3,"column":25},"end":{"line":6,"column":null}},"1":{"start":{"line":10,"column":37},"end":{"line":16,"column":null}},"2":{"start":{"line":13,"column":21},"end":{"line":13,"column":null}},"3":{"start":{"line":21,"column":41},"end":{"line":21,"column":71}}},"fnMap":{"0":{"name":"(anonymous_0)","decl":{"start":{"line":13,"column":15},"end":{"line":13,"column":21}},"loc":{"start":{"line":13,"column":21},"end":{"line":13,"column":null}},"line":13},"1":{"name":"(anonymous_1)","decl":{"start":{"line":21,"column":35},"end":{"line":21,"column":41}},"loc":{"start":{"line":21,"column":41},"end":{"line":21,"column":71}},"line":21}},"branchMap":{},"s":{"0":2,"1":2,"2":0,"3":0},"f":{"0":0,"1":0},"b":{},"meta":{"lastBranch":0,"lastFunction":2,"lastStatement":4,"seen":{"s:3:25:6:Infinity":0,"s:10:37:16:Infinity":1,"f:13:15:13:21":0,"s:13:21:13:Infinity":2,"f:21:35:21:41":1,"s:21:41:21:71":3}}}
,"/Users/sethpearce/Projects/ecommerce-services-demo/services/payment/src/domain/Void.ts": {"path":"/Users/sethpearce/Projects/ecommerce-services-demo/services/payment/src/domain/Void.ts","statementMap":{"0":{"start":{"line":6,"column":41},"end":{"line":6,"column":71}}},"fnMap":{"0":{"name":"(anonymous_0)","decl":{"start":{"line":6,"column":35},"end":{"line":6,"column":41}},"loc":{"start":{"line":6,"column":41},"end":{"line":6,"column":71}},"line":6}},"branchMap":{},"s":{"0":0},"f":{"0":0},"b":{},"meta":{"lastBranch":0,"lastFunction":1,"lastStatement":1,"seen":{"f:6:35:6:41":0,"s:6:41:6:71":0}}}
,"/Users/sethpearce/Projects/ecommerce-services-demo/services/payment/src/domain/errors.ts": {"path":"/Users/sethpearce/Projects/ecommerce-services-demo/services/payment/src/domain/errors.ts","statementMap":{},"fnMap":{},"branchMap":{},"s":{},"f":{},"b":{},"meta":{"lastBranch":0,"lastFunction":0,"lastStatement":0,"seen":{}}}
,"/Users/sethpearce/Projects/ecommerce-services-demo/services/payment/src/services/PaymentGatewayService.ts": {"path":"/Users/sethpearce/Projects/ecommerce-services-demo/services/payment/src/services/PaymentGatewayService.ts","statementMap":{},"fnMap":{},"branchMap":{},"s":{},"f":{},"b":{},"meta":{"lastBranch":0,"lastFunction":0,"lastStatement":0,"seen":{}}}
,"/Users/sethpearce/Projects/ecommerce-services-demo/services/payment/src/services/PaymentGatewayServiceLive.ts": {"path":"/Users/sethpearce/Projects/ecommerce-services-demo/services/payment/src/services/PaymentGatewayServiceLive.ts","statementMap":{"0":{"start":{"line":34,"column":32},"end":{"line":39,"column":null}},"1":{"start":{"line":35,"column":2},"end":{"line":39,"column":null}},"2":{"start":{"line":36,"column":4},"end":{"line":38,"column":null}},"3":{"start":{"line":41,"column":26},"end":{"line":46,"column":null}},"4":{"start":{"line":42,"column":2},"end":{"line":46,"column":null}},"5":{"start":{"line":43,"column":4},"end":{"line":45,"column":null}},"6":{"start":{"line":49,"column":29},"end":{"line":64,"column":null}},"7":{"start":{"line":51,"column":2},"end":{"line":53,"column":null}},"8":{"start":{"line":52,"column":4},"end":{"line":52,"column":null}},"9":{"start":{"line":54,"column":2},"end":{"line":56,"column":null}},"10":{"start":{"line":55,"column":4},"end":{"line":55,"column":null}},"11":{"start":{"line":57,"column":2},"end":{"line":59,"column":null}},"12":{"start":{"line":58,"column":4},"end":{"line":58,"column":null}},"13":{"start":{"line":60,"column":2},"end":{"line":62,"column":null}},"14":{"start":{"line":61,"column":4},"end":{"line":61,"column":null}},"15":{"start":{"line":63,"column":2},"end":{"line":63,"column":null}},"16":{"start":{"line":66,"column":41},"end":{"line":352,"column":null}},"17":{"start":{"line":69,"column":19},"end":{"line":69,"column":null}},"18":{"start":{"line":72,"column":21},"end":{"line":77,"column":null}},"19":{"start":{"line":80,"column":28},"end":{"line":84,"column":null}},"20":{"start":{"line":81,"column":6},"end":{"line":83,"column":null}},"21":{"start":{"line":82,"column":8},"end":{"line":82,"column":null}},"22":{"start":{"line":87,"column":34},"end":{"line":94,"column":null}},"23":{"start":{"line":88,"column":6},"end":{"line":93,"column":null}},"24":{"start":{"line":89,"column":8},"end":{"line":92,"column":null}},"25":{"start":{"line":96,"column":4},"end":{"line":350,"column":null}},"26":{"start":{"line":98,"column":8},"end":{"line":174,"column":null}},"27":{"start":{"line":99,"column":10},"end":{"line":99,"column":null}},"28":{"start":{"line":100,"column":10},"end":{"line":100,"column":null}},"29":{"start":{"line":102,"column":24},"end":{"line":102,"column":null}},"30":{"start":{"line":105,"column":33},"end":{"line":105,"column":null}},"31":{"start":{"line":106,"column":10},"end":{"line":121,"column":null}},"32":{"start":{"line":107,"column":29},"end":{"line":107,"column":null}},"33":{"start":{"line":108,"column":12},"end":{"line":120,"column":null}},"34":{"start":{"line":109,"column":14},"end":{"line":112,"column":null}},"35":{"start":{"line":113,"column":14},"end":{"line":119,"column":null}},"36":{"start":{"line":124,"column":31},"end":{"line":124,"column":null}},"37":{"start":{"line":125,"column":10},"end":{"line":135,"column":null}},"38":{"start":{"line":126,"column":12},"end":{"line":129,"column":null}},"39":{"start":{"line":130,"column":12},"end":{"line":134,"column":null}},"40":{"start":{"line":138,"column":34},"end":{"line":138,"column":null}},"41":{"start":{"line":139,"column":22},"end":{"line":139,"column":null}},"42":{"start":{"line":141,"column":48},"end":{"line":149,"column":null}},"43":{"start":{"line":152,"column":10},"end":{"line":159,"column":null}},"44":{"start":{"line":152,"column":46},"end":{"line":159,"column":12}},"45":{"start":{"line":161,"column":10},"end":{"line":165,"column":null}},"46":{"start":{"line":167,"column":10},"end":{"line":173,"column":null}},"47":{"start":{"line":177,"column":8},"end":{"line":276,"column":null}},"48":{"start":{"line":178,"column":10},"end":{"line":178,"column":null}},"49":{"start":{"line":179,"column":10},"end":{"line":179,"column":null}},"50":{"start":{"line":181,"column":24},"end":{"line":181,"column":null}},"51":{"start":{"line":184,"column":36},"end":{"line":184,"column":null}},"52":{"start":{"line":185,"column":10},"end":{"line":202,"column":null}},"53":{"start":{"line":186,"column":36},"end":{"line":186,"column":null}},"54":{"start":{"line":187,"column":12},"end":{"line":201,"column":null}},"55":{"start":{"line":188,"column":14},"end":{"line":191,"column":null}},"56":{"start":{"line":192,"column":27},"end":{"line":192,"column":null}},"57":{"start":{"line":193,"column":14},"end":{"line":200,"column":null}},"58":{"start":{"line":205,"column":23},"end":{"line":205,"column":null}},"59":{"start":{"line":206,"column":10},"end":{"line":211,"column":null}},"60":{"start":{"line":207,"column":12},"end":{"line":210,"column":null}},"61":{"start":{"line":214,"column":10},"end":{"line":219,"column":null}},"62":{"start":{"line":215,"column":12},"end":{"line":218,"column":null}},"63":{"start":{"line":222,"column":10},"end":{"line":236,"column":null}},"64":{"start":{"line":224,"column":12},"end":{"line":235,"column":null}},"65":{"start":{"line":225,"column":14},"end":{"line":234,"column":null}},"66":{"start":{"line":226,"column":16},"end":{"line":233,"column":null}},"67":{"start":{"line":239,"column":28},"end":{"line":239,"column":null}},"68":{"start":{"line":240,"column":32},"end":{"line":240,"column":null}},"69":{"start":{"line":241,"column":22},"end":{"line":241,"column":null}},"70":{"start":{"line":243,"column":10},"end":{"line":260,"column":null}},"71":{"start":{"line":244,"column":29},"end":{"line":244,"column":null}},"72":{"start":{"line":245,"column":12},"end":{"line":245,"column":null}},"73":{"start":{"line":247,"column":12},"end":{"line":259,"column":null}},"74":{"start":{"line":262,"column":10},"end":{"line":266,"column":null}},"75":{"start":{"line":268,"column":10},"end":{"line":275,"column":null}},"76":{"start":{"line":279,"column":8},"end":{"line":342,"column":null}},"77":{"start":{"line":280,"column":10},"end":{"line":280,"column":null}},"78":{"start":{"line":281,"column":10},"end":{"line":281,"column":null}},"79":{"start":{"line":283,"column":24},"end":{"line":283,"column":null}},"80":{"start":{"line":286,"column":23},"end":{"line":286,"column":null}},"81":{"start":{"line":287,"column":10},"end":{"line":292,"column":null}},"82":{"start":{"line":288,"column":12},"end":{"line":291,"column":null}},"83":{"start":{"line":295,"column":10},"end":{"line":312,"column":null}},"84":{"start":{"line":297,"column":12},"end":{"line":305,"column":null}},"85":{"start":{"line":298,"column":14},"end":{"line":304,"column":null}},"86":{"start":{"line":299,"column":16},"end":{"line":303,"column":null}},"87":{"start":{"line":307,"column":12},"end":{"line":311,"column":null}},"88":{"start":{"line":315,"column":22},"end":{"line":315,"column":null}},"89":{"start":{"line":316,"column":10},"end":{"line":323,"column":null}},"90":{"start":{"line":317,"column":12},"end":{"line":317,"column":null}},"91":{"start":{"line":318,"column":12},"end":{"line":322,"column":null}},"92":{"start":{"line":326,"column":10},"end":{"line":330,"column":null}},"93":{"start":{"line":327,"column":29},"end":{"line":327,"column":null}},"94":{"start":{"line":328,"column":12},"end":{"line":328,"column":null}},"95":{"start":{"line":329,"column":12},"end":{"line":329,"column":null}},"96":{"start":{"line":332,"column":10},"end":{"line":335,"column":null}},"97":{"start":{"line":337,"column":10},"end":{"line":341,"column":null}},"98":{"start":{"line":345,"column":8},"end":{"line":349,"column":null}},"99":{"start":{"line":346,"column":24},"end":{"line":346,"column":null}},"100":{"start":{"line":347,"column":23},"end":{"line":347,"column":null}},"101":{"start":{"line":348,"column":10},"end":{"line":348,"column":null}}},"fnMap":{"0":{"name":"(anonymous_0)","decl":{"start":{"line":34,"column":32},"end":{"line":34,"column":null}},"loc":{"start":{"line":35,"column":2},"end":{"line":39,"column":null}},"line":35},"1":{"name":"(anonymous_1)","decl":{"start":{"line":35,"column":37},"end":{"line":35,"column":null}},"loc":{"start":{"line":36,"column":4},"end":{"line":38,"column":null}},"line":36},"2":{"name":"(anonymous_2)","decl":{"start":{"line":41,"column":26},"end":{"line":41,"column":null}},"loc":{"start":{"line":42,"column":2},"end":{"line":46,"column":null}},"line":42},"3":{"name":"(anonymous_3)","decl":{"start":{"line":42,"column":36},"end":{"line":42,"column":null}},"loc":{"start":{"line":43,"column":4},"end":{"line":45,"column":null}},"line":43},"4":{"name":"(anonymous_4)","decl":{"start":{"line":49,"column":29},"end":{"line":49,"column":30}},"loc":{"start":{"line":49,"column":107},"end":{"line":64,"column":null}},"line":49},"5":{"name":"(anonymous_5)","decl":{"start":{"line":68,"column":13},"end":{"line":68,"column":26}},"loc":{"start":{"line":68,"column":26},"end":{"line":351,"column":3}},"line":68},"6":{"name":"(anonymous_6)","decl":{"start":{"line":80,"column":39},"end":{"line":80,"column":52}},"loc":{"start":{"line":80,"column":52},"end":{"line":84,"column":5}},"line":80},"7":{"name":"(anonymous_7)","decl":{"start":{"line":87,"column":45},"end":{"line":87,"column":58}},"loc":{"start":{"line":87,"column":58},"end":{"line":94,"column":5}},"line":87},"8":{"name":"(anonymous_8)","decl":{"start":{"line":97,"column":17},"end":{"line":97,"column":18}},"loc":{"start":{"line":98,"column":8},"end":{"line":174,"column":null}},"line":98},"9":{"name":"(anonymous_9)","decl":{"start":{"line":98,"column":19},"end":{"line":98,"column":32}},"loc":{"start":{"line":98,"column":32},"end":{"line":174,"column":9}},"line":98},"10":{"name":"(anonymous_10)","decl":{"start":{"line":152,"column":38},"end":{"line":152,"column":39}},"loc":{"start":{"line":152,"column":46},"end":{"line":159,"column":12}},"line":152},"11":{"name":"(anonymous_11)","decl":{"start":{"line":176,"column":15},"end":{"line":176,"column":16}},"loc":{"start":{"line":177,"column":8},"end":{"line":276,"column":null}},"line":177},"12":{"name":"(anonymous_12)","decl":{"start":{"line":177,"column":19},"end":{"line":177,"column":32}},"loc":{"start":{"line":177,"column":32},"end":{"line":276,"column":9}},"line":177},"13":{"name":"(anonymous_13)","decl":{"start":{"line":243,"column":38},"end":{"line":243,"column":39}},"loc":{"start":{"line":243,"column":45},"end":{"line":260,"column":11}},"line":243},"14":{"name":"(anonymous_14)","decl":{"start":{"line":278,"column":25},"end":{"line":278,"column":26}},"loc":{"start":{"line":279,"column":8},"end":{"line":342,"column":null}},"line":279},"15":{"name":"(anonymous_15)","decl":{"start":{"line":279,"column":19},"end":{"line":279,"column":32}},"loc":{"start":{"line":279,"column":32},"end":{"line":342,"column":9}},"line":279},"16":{"name":"(anonymous_16)","decl":{"start":{"line":326,"column":38},"end":{"line":326,"column":39}},"loc":{"start":{"line":326,"column":45},"end":{"line":330,"column":11}},"line":326},"17":{"name":"(anonymous_17)","decl":{"start":{"line":344,"column":24},"end":{"line":344,"column":25}},"loc":{"start":{"line":345,"column":8},"end":{"line":349,"column":null}},"line":345},"18":{"name":"(anonymous_18)","decl":{"start":{"line":345,"column":19},"end":{"line":345,"column":32}},"loc":{"start":{"line":345,"column":32},"end":{"line":349,"column":9}},"line":345}},"branchMap":{"0":{"loc":{"start":{"line":51,"column":2},"end":{"line":53,"column":null}},"type":"if","locations":[{"start":{"line":51,"column":2},"end":{"line":53,"column":null}},{"start":{},"end":{}}],"line":51},"1":{"loc":{"start":{"line":54,"column":2},"end":{"line":56,"column":null}},"type":"if","locations":[{"start":{"line":54,"column":2},"end":{"line":56,"column":null}},{"start":{},"end":{}}],"line":54},"2":{"loc":{"start":{"line":57,"column":2},"end":{"line":59,"column":null}},"type":"if","locations":[{"start":{"line":57,"column":2},"end":{"line":59,"column":null}},{"start":{},"end":{}}],"line":57},"3":{"loc":{"start":{"line":60,"column":2},"end":{"line":62,"column":null}},"type":"if","locations":[{"start":{"line":60,"column":2},"end":{"line":62,"column":null}},{"start":{},"end":{}}],"line":60},"4":{"loc":{"start":{"line":81,"column":6},"end":{"line":83,"column":null}},"type":"if","locations":[{"start":{"line":81,"column":6},"end":{"line":83,"column":null}},{"start":{},"end":{}}],"line":81},"5":{"loc":{"start":{"line":88,"column":6},"end":{"line":93,"column":null}},"type":"if","locations":[{"start":{"line":88,"column":6},"end":{"line":93,"column":null}},{"start":{},"end":{}}],"line":88},"6":{"loc":{"start":{"line":88,"column":10},"end":{"line":88,"column":80}},"type":"binary-expr","locations":[{"start":{"line":88,"column":10},"end":{"line":88,"column":40}},{"start":{"line":88,"column":40},"end":{"line":88,"column":80}}],"line":88},"7":{"loc":{"start":{"line":106,"column":10},"end":{"line":121,"column":null}},"type":"if","locations":[{"start":{"line":106,"column":10},"end":{"line":121,"column":null}},{"start":{},"end":{}}],"line":106},"8":{"loc":{"start":{"line":108,"column":12},"end":{"line":120,"column":null}},"type":"if","locations":[{"start":{"line":108,"column":12},"end":{"line":120,"column":null}},{"start":{},"end":{}}],"line":108},"9":{"loc":{"start":{"line":115,"column":24},"end":{"line":115,"column":null}},"type":"cond-expr","locations":[{"start":{"line":115,"column":59},"end":{"line":115,"column":74}},{"start":{"line":115,"column":74},"end":{"line":115,"column":null}}],"line":115},"10":{"loc":{"start":{"line":125,"column":10},"end":{"line":135,"column":null}},"type":"if","locations":[{"start":{"line":125,"column":10},"end":{"line":135,"column":null}},{"start":{},"end":{}}],"line":125},"11":{"loc":{"start":{"line":185,"column":10},"end":{"line":202,"column":null}},"type":"if","locations":[{"start":{"line":185,"column":10},"end":{"line":202,"column":null}},{"start":{},"end":{}}],"line":185},"12":{"loc":{"start":{"line":187,"column":12},"end":{"line":201,"column":null}},"type":"if","locations":[{"start":{"line":187,"column":12},"end":{"line":201,"column":null}},{"start":{},"end":{}}],"line":187},"13":{"loc":{"start":{"line":198,"column":26},"end":{"line":198,"column":null}},"type":"binary-expr","locations":[{"start":{"line":198,"column":26},"end":{"line":198,"column":44}},{"start":{"line":198,"column":44},"end":{"line":198,"column":null}}],"line":198},"14":{"loc":{"start":{"line":206,"column":10},"end":{"line":211,"column":null}},"type":"if","locations":[{"start":{"line":206,"column":10},"end":{"line":211,"column":null}},{"start":{},"end":{}}],"line":206},"15":{"loc":{"start":{"line":214,"column":10},"end":{"line":219,"column":null}},"type":"if","locations":[{"start":{"line":214,"column":10},"end":{"line":219,"column":null}},{"start":{},"end":{}}],"line":214},"16":{"loc":{"start":{"line":222,"column":10},"end":{"line":236,"column":null}},"type":"if","locations":[{"start":{"line":222,"column":10},"end":{"line":236,"column":null}},{"start":{},"end":{}}],"line":222},"17":{"loc":{"start":{"line":225,"column":14},"end":{"line":234,"column":null}},"type":"if","locations":[{"start":{"line":225,"column":14},"end":{"line":234,"column":null}},{"start":{},"end":{}}],"line":225},"18":{"loc":{"start":{"line":240,"column":32},"end":{"line":240,"column":null}},"type":"binary-expr","locations":[{"start":{"line":240,"column":32},"end":{"line":240,"column":56}},{"start":{"line":240,"column":56},"end":{"line":240,"column":null}}],"line":240},"19":{"loc":{"start":{"line":287,"column":10},"end":{"line":292,"column":null}},"type":"if","locations":[{"start":{"line":287,"column":10},"end":{"line":292,"column":null}},{"start":{},"end":{}}],"line":287},"20":{"loc":{"start":{"line":295,"column":10},"end":{"line":312,"column":null}},"type":"if","locations":[{"start":{"line":295,"column":10},"end":{"line":312,"column":null}},{"start":{},"end":{}}],"line":295},"21":{"loc":{"start":{"line":298,"column":14},"end":{"line":304,"column":null}},"type":"if","locations":[{"start":{"line":298,"column":14},"end":{"line":304,"column":null}},{"start":{},"end":{}}],"line":298},"22":{"loc":{"start":{"line":316,"column":10},"end":{"line":323,"column":null}},"type":"if","locations":[{"start":{"line":316,"column":10},"end":{"line":323,"column":null}},{"start":{},"end":{}}],"line":316},"23":{"loc":{"start":{"line":334,"column":20},"end":{"line":334,"column":null}},"type":"binary-expr","locations":[{"start":{"line":334,"column":20},"end":{"line":334,"column":38}},{"start":{"line":334,"column":38},"end":{"line":334,"column":null}}],"line":334},"24":{"loc":{"start":{"line":348,"column":17},"end":{"line":348,"column":null}},"type":"cond-expr","locations":[{"start":{"line":348,"column":24},"end":{"line":348,"column":44}},{"start":{"line":348,"column":44},"end":{"line":348,"column":null}}],"line":348}},"s":{"0":1,"1":17,"2":408,"3":1,"4":6,"5":144,"6":1,"7":21,"8":1,"9":20,"10":1,"11":19,"12":1,"13":18,"14":1,"15":17,"16":1,"17":25,"18":25,"19":25,"20":41,"21":0,"22":25,"23":41,"24":1,"25":25,"26":23,"27":23,"28":23,"29":22,"30":22,"31":22,"32":1,"33":1,"34":1,"35":1,"36":21,"37":21,"38":4,"39":4,"40":17,"41":17,"42":17,"43":17,"44":17,"45":17,"46":17,"47":10,"48":10,"49":10,"50":10,"51":10,"52":10,"53":1,"54":1,"55":1,"56":1,"57":1,"58":9,"59":9,"60":1,"61":8,"62":1,"63":7,"64":1,"65":1,"66":1,"67":6,"68":6,"69":10,"70":10,"71":6,"72":6,"73":6,"74":6,"75":6,"76":8,"77":8,"78":8,"79":8,"80":8,"81":8,"82":1,"83":7,"84":1,"85":1,"86":1,"87":0,"88":6,"89":6,"90":1,"91":1,"92":5,"93":5,"94":5,"95":5,"96":5,"97":5,"98":4,"99":4,"100":4,"101":4},"f":{"0":17,"1":408,"2":6,"3":144,"4":21,"5":25,"6":41,"7":41,"8":23,"9":23,"10":17,"11":10,"12":10,"13":6,"14":8,"15":8,"16":5,"17":4,"18":4},"b":{"0":[1,20],"1":[1,19],"2":[1,18],"3":[1,17],"4":[0,41],"5":[1,40],"6":[41,1],"7":[1,21],"8":[1,0],"9":[1,0],"10":[4,17],"11":[1,9],"12":[1,0],"13":[1,0],"14":[1,8],"15":[1,7],"16":[1,6],"17":[1,0],"18":[6,5],"19":[1,7],"20":[1,6],"21":[1,0],"22":[1,5],"23":[5,4],"24":[3,1]},"meta":{"lastBranch":25,"lastFunction":19,"lastStatement":102,"seen":{"s:34:32:39:Infinity":0,"f:34:32:34:Infinity":0,"s:35:2:39:Infinity":1,"f:35:37:35:Infinity":1,"s:36:4:38:Infinity":2,"s:41:26:46:Infinity":3,"f:41:26:41:Infinity":2,"s:42:2:46:Infinity":4,"f:42:36:42:Infinity":3,"s:43:4:45:Infinity":5,"s:49:29:64:Infinity":6,"f:49:29:49:30":4,"b:51:2:53:Infinity:undefined:undefined:undefined:undefined":0,"s:51:2:53:Infinity":7,"s:52:4:52:Infinity":8,"b:54:2:56:Infinity:undefined:undefined:undefined:undefined":1,"s:54:2:56:Infinity":9,"s:55:4:55:Infinity":10,"b:57:2:59:Infinity:undefined:undefined:undefined:undefined":2,"s:57:2:59:Infinity":11,"s:58:4:58:Infinity":12,"b:60:2:62:Infinity:undefined:undefined:undefined:undefined":3,"s:60:2:62:Infinity":13,"s:61:4:61:Infinity":14,"s:63:2:63:Infinity":15,"s:66:41:352:Infinity":16,"f:68:13:68:26":5,"s:69:19:69:Infinity":17,"s:72:21:77:Infinity":18,"s:80:28:84:Infinity":19,"f:80:39:80:52":6,"b:81:6:83:Infinity:undefined:undefined:undefined:undefined":4,"s:81:6:83:Infinity":20,"s:82:8:82:Infinity":21,"s:87:34:94:Infinity":22,"f:87:45:87:58":7,"b:88:6:93:Infinity:undefined:undefined:undefined:undefined":5,"s:88:6:93:Infinity":23,"b:88:10:88:40:88:40:88:80":6,"s:89:8:92:Infinity":24,"s:96:4:350:Infinity":25,"f:97:17:97:18":8,"s:98:8:174:Infinity":26,"f:98:19:98:32":9,"s:99:10:99:Infinity":27,"s:100:10:100:Infinity":28,"s:102:24:102:Infinity":29,"s:105:33:105:Infinity":30,"b:106:10:121:Infinity:undefined:undefined:undefined:undefined":7,"s:106:10:121:Infinity":31,"s:107:29:107:Infinity":32,"b:108:12:120:Infinity:undefined:undefined:undefined:undefined":8,"s:108:12:120:Infinity":33,"s:109:14:112:Infinity":34,"s:113:14:119:Infinity":35,"b:115:59:115:74:115:74:115:Infinity":9,"s:124:31:124:Infinity":36,"b:125:10:135:Infinity:undefined:undefined:undefined:undefined":10,"s:125:10:135:Infinity":37,"s:126:12:129:Infinity":38,"s:130:12:134:Infinity":39,"s:138:34:138:Infinity":40,"s:139:22:139:Infinity":41,"s:141:48:149:Infinity":42,"s:152:10:159:Infinity":43,"f:152:38:152:39":10,"s:152:46:159:12":44,"s:161:10:165:Infinity":45,"s:167:10:173:Infinity":46,"f:176:15:176:16":11,"s:177:8:276:Infinity":47,"f:177:19:177:32":12,"s:178:10:178:Infinity":48,"s:179:10:179:Infinity":49,"s:181:24:181:Infinity":50,"s:184:36:184:Infinity":51,"b:185:10:202:Infinity:undefined:undefined:undefined:undefined":11,"s:185:10:202:Infinity":52,"s:186:36:186:Infinity":53,"b:187:12:201:Infinity:undefined:undefined:undefined:undefined":12,"s:187:12:201:Infinity":54,"s:188:14:191:Infinity":55,"s:192:27:192:Infinity":56,"s:193:14:200:Infinity":57,"b:198:26:198:44:198:44:198:Infinity":13,"s:205:23:205:Infinity":58,"b:206:10:211:Infinity:undefined:undefined:undefined:undefined":14,"s:206:10:211:Infinity":59,"s:207:12:210:Infinity":60,"b:214:10:219:Infinity:undefined:undefined:undefined:undefined":15,"s:214:10:219:Infinity":61,"s:215:12:218:Infinity":62,"b:222:10:236:Infinity:undefined:undefined:undefined:undefined":16,"s:222:10:236:Infinity":63,"s:224:12:235:Infinity":64,"b:225:14:234:Infinity:undefined:undefined:undefined:undefined":17,"s:225:14:234:Infinity":65,"s:226:16:233:Infinity":66,"s:239:28:239:Infinity":67,"s:240:32:240:Infinity":68,"b:240:32:240:56:240:56:240:Infinity":18,"s:241:22:241:Infinity":69,"s:243:10:260:Infinity":70,"f:243:38:243:39":13,"s:244:29:244:Infinity":71,"s:245:12:245:Infinity":72,"s:247:12:259:Infinity":73,"s:262:10:266:Infinity":74,"s:268:10:275:Infinity":75,"f:278:25:278:26":14,"s:279:8:342:Infinity":76,"f:279:19:279:32":15,"s:280:10:280:Infinity":77,"s:281:10:281:Infinity":78,"s:283:24:283:Infinity":79,"s:286:23:286:Infinity":80,"b:287:10:292:Infinity:undefined:undefined:undefined:undefined":19,"s:287:10:292:Infinity":81,"s:288:12:291:Infinity":82,"b:295:10:312:Infinity:undefined:undefined:undefined:undefined":20,"s:295:10:312:Infinity":83,"s:297:12:305:Infinity":84,"b:298:14:304:Infinity:undefined:undefined:undefined:undefined":21,"s:298:14:304:Infinity":85,"s:299:16:303:Infinity":86,"s:307:12:311:Infinity":87,"s:315:22:315:Infinity":88,"b:316:10:323:Infinity:undefined:undefined:undefined:undefined":22,"s:316:10:323:Infinity":89,"s:317:12:317:Infinity":90,"s:318:12:322:Infinity":91,"s:326:10:330:Infinity":92,"f:326:38:326:39":16,"s:327:29:327:Infinity":93,"s:328:12:328:Infinity":94,"s:329:12:329:Infinity":95,"s:332:10:335:Infinity":96,"b:334:20:334:38:334:38:334:Infinity":23,"s:337:10:341:Infinity":97,"f:344:24:344:25":17,"s:345:8:349:Infinity":98,"f:345:19:345:32":18,"s:346:24:346:Infinity":99,"s:347:23:347:Infinity":100,"s:348:10:348:Infinity":101,"b:348:24:348:44:348:44:348:Infinity":24}}}
}
