{"/Users/sethpearce/Projects/ecommerce-services-demo/services/edge-api/src/config.ts": {"path":"/Users/sethpearce/Projects/ecommerce-services-demo/services/edge-api/src/config.ts","statementMap":{"0":{"start":{"line":10,"column":33},"end":{"line":17,"column":null}},"1":{"start":{"line":13,"column":4},"end":{"line":15,"column":null}}},"fnMap":{"0":{"name":"(anonymous_0)","decl":{"start":{"line":12,"column":13},"end":{"line":12,"column":26}},"loc":{"start":{"line":12,"column":26},"end":{"line":16,"column":3}},"line":12}},"branchMap":{},"s":{"0":1,"1":3},"f":{"0":3},"b":{},"meta":{"lastBranch":0,"lastFunction":1,"lastStatement":2,"seen":{"s:10:33:17:Infinity":0,"f:12:13:12:26":0,"s:13:4:15:Infinity":1}}}
,"/Users/sethpearce/Projects/ecommerce-services-demo/services/edge-api/src/api/health.ts": {"path":"/Users/sethpearce/Projects/ecommerce-services-demo/services/edge-api/src/api/health.ts","statementMap":{"0":{"start":{"line":6,"column":27},"end":{"line":35,"column":null}},"1":{"start":{"line":7,"column":14},"end":{"line":7,"column":null}},"2":{"start":{"line":8,"column":20},"end":{"line":8,"column":null}},"3":{"start":{"line":11,"column":2},"end":{"line":11,"column":null}},"4":{"start":{"line":13,"column":20},"end":{"line":13,"column":null}},"5":{"start":{"line":15,"column":2},"end":{"line":21,"column":null}},"6":{"start":{"line":24,"column":4},"end":{"line":33,"column":null}},"7":{"start":{"line":37,"column":28},"end":{"line":39,"column":null}}},"fnMap":{"0":{"name":"(anonymous_0)","decl":{"start":{"line":6,"column":38},"end":{"line":6,"column":51}},"loc":{"start":{"line":6,"column":51},"end":{"line":22,"column":1}},"line":6},"1":{"name":"(anonymous_1)","decl":{"start":{"line":23,"column":18},"end":{"line":23,"column":19}},"loc":{"start":{"line":24,"column":4},"end":{"line":33,"column":null}},"line":24}},"branchMap":{},"s":{"0":1,"1":9,"2":9,"3":9,"4":6,"5":6,"6":3,"7":1},"f":{"0":9,"1":3},"b":{},"meta":{"lastBranch":0,"lastFunction":2,"lastStatement":8,"seen":{"s:6:27:35:Infinity":0,"f:6:38:6:51":0,"s:7:14:7:Infinity":1,"s:8:20:8:Infinity":2,"s:11:2:11:Infinity":3,"s:13:20:13:Infinity":4,"s:15:2:21:Infinity":5,"f:23:18:23:19":1,"s:24:4:33:Infinity":6,"s:37:28:39:Infinity":7}}}
}
