{"/Users/sethpearce/Projects/ecommerce-services-demo/services/edge-api/src/config.ts": {"path":"/Users/sethpearce/Projects/ecommerce-services-demo/services/edge-api/src/config.ts","statementMap":{"0":{"start":{"line":11,"column":33},"end":{"line":21,"column":null}},"1":{"start":{"line":14,"column":4},"end":{"line":19,"column":null}}},"fnMap":{"0":{"name":"(anonymous_0)","decl":{"start":{"line":13,"column":13},"end":{"line":13,"column":26}},"loc":{"start":{"line":13,"column":26},"end":{"line":20,"column":3}},"line":13}},"branchMap":{},"s":{"0":1,"1":3},"f":{"0":3},"b":{},"meta":{"lastBranch":0,"lastFunction":1,"lastStatement":2,"seen":{"s:11:33:21:Infinity":0,"f:13:13:13:26":0,"s:14:4:19:Infinity":1}}}
,"/Users/sethpearce/Projects/ecommerce-services-demo/services/edge-api/src/api/health.ts": {"path":"/Users/sethpearce/Projects/ecommerce-services-demo/services/edge-api/src/api/health.ts","statementMap":{"0":{"start":{"line":6,"column":27},"end":{"line":35,"column":null}},"1":{"start":{"line":7,"column":14},"end":{"line":7,"column":null}},"2":{"start":{"line":8,"column":20},"end":{"line":8,"column":null}},"3":{"start":{"line":11,"column":2},"end":{"line":11,"column":null}},"4":{"start":{"line":13,"column":20},"end":{"line":13,"column":null}},"5":{"start":{"line":15,"column":2},"end":{"line":21,"column":null}},"6":{"start":{"line":24,"column":4},"end":{"line":33,"column":null}},"7":{"start":{"line":37,"column":28},"end":{"line":39,"column":null}}},"fnMap":{"0":{"name":"(anonymous_0)","decl":{"start":{"line":6,"column":38},"end":{"line":6,"column":51}},"loc":{"start":{"line":6,"column":51},"end":{"line":22,"column":1}},"line":6},"1":{"name":"(anonymous_1)","decl":{"start":{"line":23,"column":18},"end":{"line":23,"column":19}},"loc":{"start":{"line":24,"column":4},"end":{"line":33,"column":null}},"line":24}},"branchMap":{},"s":{"0":1,"1":9,"2":9,"3":9,"4":6,"5":6,"6":3,"7":1},"f":{"0":9,"1":3},"b":{},"meta":{"lastBranch":0,"lastFunction":2,"lastStatement":8,"seen":{"s:6:27:35:Infinity":0,"f:6:38:6:51":0,"s:7:14:7:Infinity":1,"s:8:20:8:Infinity":2,"s:11:2:11:Infinity":3,"s:13:20:13:Infinity":4,"s:15:2:21:Infinity":5,"f:23:18:23:19":1,"s:24:4:33:Infinity":6,"s:37:28:39:Infinity":7}}}
,"/Users/sethpearce/Projects/ecommerce-services-demo/services/edge-api/src/api/orders.ts": {"path":"/Users/sethpearce/Projects/ecommerce-services-demo/services/edge-api/src/api/orders.ts","statementMap":{"0":{"start":{"line":16,"column":27},"end":{"line":131,"column":null}},"1":{"start":{"line":18,"column":18},"end":{"line":18,"column":null}},"2":{"start":{"line":19,"column":25},"end":{"line":19,"column":null}},"3":{"start":{"line":21,"column":2},"end":{"line":23,"column":null}},"4":{"start":{"line":22,"column":4},"end":{"line":22,"column":null}},"5":{"start":{"line":26,"column":15},"end":{"line":26,"column":null}},"6":{"start":{"line":29,"column":23},"end":{"line":29,"column":null}},"7":{"start":{"line":30,"column":17},"end":{"line":30,"column":null}},"8":{"start":{"line":32,"column":2},"end":{"line":35,"column":null}},"9":{"start":{"line":38,"column":2},"end":{"line":45,"column":null}},"10":{"start":{"line":52,"column":6},"end":{"line":58,"column":null}},"11":{"start":{"line":62,"column":6},"end":{"line":69,"column":null}},"12":{"start":{"line":73,"column":6},"end":{"line":79,"column":null}},"13":{"start":{"line":83,"column":6},"end":{"line":90,"column":null}},"14":{"start":{"line":94,"column":6},"end":{"line":102,"column":null}},"15":{"start":{"line":106,"column":6},"end":{"line":116,"column":null}},"16":{"start":{"line":107,"column":8},"end":{"line":107,"column":null}},"17":{"start":{"line":108,"column":8},"end":{"line":115,"column":null}},"18":{"start":{"line":120,"column":6},"end":{"line":129,"column":null}},"19":{"start":{"line":121,"column":8},"end":{"line":121,"column":null}},"20":{"start":{"line":122,"column":8},"end":{"line":128,"column":null}},"21":{"start":{"line":134,"column":30},"end":{"line":202,"column":null}},"22":{"start":{"line":136,"column":45},"end":{"line":136,"column":null}},"23":{"start":{"line":139,"column":23},"end":{"line":139,"column":null}},"24":{"start":{"line":140,"column":17},"end":{"line":140,"column":null}},"25":{"start":{"line":142,"column":2},"end":{"line":145,"column":null}},"26":{"start":{"line":148,"column":2},"end":{"line":164,"column":null}},"27":{"start":{"line":159,"column":37},"end":{"line":163,"column":6}},"28":{"start":{"line":171,"column":6},"end":{"line":177,"column":null}},"29":{"start":{"line":181,"column":6},"end":{"line":187,"column":null}},"30":{"start":{"line":191,"column":6},"end":{"line":200,"column":null}},"31":{"start":{"line":192,"column":8},"end":{"line":192,"column":null}},"32":{"start":{"line":193,"column":8},"end":{"line":199,"column":null}},"33":{"start":{"line":205,"column":27},"end":{"line":208,"column":null}}},"fnMap":{"0":{"name":"(anonymous_0)","decl":{"start":{"line":16,"column":38},"end":{"line":16,"column":51}},"loc":{"start":{"line":16,"column":51},"end":{"line":46,"column":1}},"line":16},"1":{"name":"(anonymous_1)","decl":{"start":{"line":51,"column":32},"end":{"line":51,"column":null}},"loc":{"start":{"line":52,"column":6},"end":{"line":58,"column":null}},"line":52},"2":{"name":"(anonymous_2)","decl":{"start":{"line":61,"column":16},"end":{"line":61,"column":17}},"loc":{"start":{"line":62,"column":6},"end":{"line":69,"column":null}},"line":62},"3":{"name":"(anonymous_3)","decl":{"start":{"line":72,"column":18},"end":{"line":72,"column":19}},"loc":{"start":{"line":73,"column":6},"end":{"line":79,"column":null}},"line":73},"4":{"name":"(anonymous_4)","decl":{"start":{"line":82,"column":27},"end":{"line":82,"column":28}},"loc":{"start":{"line":83,"column":6},"end":{"line":90,"column":null}},"line":83},"5":{"name":"(anonymous_5)","decl":{"start":{"line":93,"column":26},"end":{"line":93,"column":27}},"loc":{"start":{"line":94,"column":6},"end":{"line":102,"column":null}},"line":94},"6":{"name":"(anonymous_6)","decl":{"start":{"line":105,"column":25},"end":{"line":105,"column":26}},"loc":{"start":{"line":106,"column":6},"end":{"line":116,"column":null}},"line":106},"7":{"name":"(anonymous_7)","decl":{"start":{"line":106,"column":17},"end":{"line":106,"column":30}},"loc":{"start":{"line":106,"column":30},"end":{"line":116,"column":7}},"line":106},"8":{"name":"(anonymous_8)","decl":{"start":{"line":119,"column":14},"end":{"line":119,"column":15}},"loc":{"start":{"line":120,"column":6},"end":{"line":129,"column":null}},"line":120},"9":{"name":"(anonymous_9)","decl":{"start":{"line":120,"column":17},"end":{"line":120,"column":30}},"loc":{"start":{"line":120,"column":30},"end":{"line":129,"column":7}},"line":120},"10":{"name":"(anonymous_10)","decl":{"start":{"line":134,"column":41},"end":{"line":134,"column":54}},"loc":{"start":{"line":134,"column":54},"end":{"line":165,"column":1}},"line":134},"11":{"name":"(anonymous_11)","decl":{"start":{"line":159,"column":28},"end":{"line":159,"column":37}},"loc":{"start":{"line":159,"column":37},"end":{"line":163,"column":6}},"line":159},"12":{"name":"(anonymous_12)","decl":{"start":{"line":170,"column":16},"end":{"line":170,"column":null}},"loc":{"start":{"line":171,"column":6},"end":{"line":177,"column":null}},"line":171},"13":{"name":"(anonymous_13)","decl":{"start":{"line":180,"column":30},"end":{"line":180,"column":31}},"loc":{"start":{"line":181,"column":6},"end":{"line":187,"column":null}},"line":181},"14":{"name":"(anonymous_14)","decl":{"start":{"line":190,"column":14},"end":{"line":190,"column":15}},"loc":{"start":{"line":191,"column":6},"end":{"line":200,"column":null}},"line":191},"15":{"name":"(anonymous_15)","decl":{"start":{"line":191,"column":17},"end":{"line":191,"column":30}},"loc":{"start":{"line":191,"column":30},"end":{"line":200,"column":7}},"line":191}},"branchMap":{"0":{"loc":{"start":{"line":21,"column":2},"end":{"line":23,"column":null}},"type":"if","locations":[{"start":{"line":21,"column":2},"end":{"line":23,"column":null}},{"start":{},"end":{}}],"line":21}},"s":{"0":1,"1":13,"2":13,"3":13,"4":1,"5":12,"6":7,"7":7,"8":2,"9":2,"10":1,"11":5,"12":0,"13":1,"14":2,"15":2,"16":2,"17":2,"18":0,"19":0,"20":0,"21":1,"22":9,"23":8,"24":8,"25":7,"26":7,"27":4,"28":1,"29":1,"30":0,"31":0,"32":0,"33":1},"f":{"0":13,"1":1,"2":5,"3":0,"4":1,"5":2,"6":2,"7":2,"8":0,"9":0,"10":9,"11":4,"12":1,"13":1,"14":0,"15":0},"b":{"0":[1,12]},"meta":{"lastBranch":1,"lastFunction":16,"lastStatement":34,"seen":{"s:16:27:131:Infinity":0,"f:16:38:16:51":0,"s:18:18:18:Infinity":1,"s:19:25:19:Infinity":2,"b:21:2:23:Infinity:undefined:undefined:undefined:undefined":0,"s:21:2:23:Infinity":3,"s:22:4:22:Infinity":4,"s:26:15:26:Infinity":5,"s:29:23:29:Infinity":6,"s:30:17:30:Infinity":7,"s:32:2:35:Infinity":8,"s:38:2:45:Infinity":9,"f:51:32:51:Infinity":1,"s:52:6:58:Infinity":10,"f:61:16:61:17":2,"s:62:6:69:Infinity":11,"f:72:18:72:19":3,"s:73:6:79:Infinity":12,"f:82:27:82:28":4,"s:83:6:90:Infinity":13,"f:93:26:93:27":5,"s:94:6:102:Infinity":14,"f:105:25:105:26":6,"s:106:6:116:Infinity":15,"f:106:17:106:30":7,"s:107:8:107:Infinity":16,"s:108:8:115:Infinity":17,"f:119:14:119:15":8,"s:120:6:129:Infinity":18,"f:120:17:120:30":9,"s:121:8:121:Infinity":19,"s:122:8:128:Infinity":20,"s:134:30:202:Infinity":21,"f:134:41:134:54":10,"s:136:45:136:Infinity":22,"s:139:23:139:Infinity":23,"s:140:17:140:Infinity":24,"s:142:2:145:Infinity":25,"s:148:2:164:Infinity":26,"f:159:28:159:37":11,"s:159:37:163:6":27,"f:170:16:170:Infinity":12,"s:171:6:177:Infinity":28,"f:180:30:180:31":13,"s:181:6:187:Infinity":29,"f:190:14:190:15":14,"s:191:6:200:Infinity":30,"f:191:17:191:30":15,"s:192:8:192:Infinity":31,"s:193:8:199:Infinity":32,"s:205:27:208:Infinity":33}}}
,"/Users/sethpearce/Projects/ecommerce-services-demo/services/edge-api/src/domain/OrderLedger.ts": {"path":"/Users/sethpearce/Projects/ecommerce-services-demo/services/edge-api/src/domain/OrderLedger.ts","statementMap":{"0":{"start":{"line":4,"column":29},"end":{"line":4,"column":null}},"1":{"start":{"line":7,"column":25},"end":{"line":7,"column":null}},"2":{"start":{"line":10,"column":22},"end":{"line":10,"column":null}},"3":{"start":{"line":14,"column":33},"end":{"line":24,"column":null}},"4":{"start":{"line":31,"column":37},"end":{"line":31,"column":65}},"5":{"start":{"line":32,"column":51},"end":{"line":32,"column":89}},"6":{"start":{"line":40,"column":41},"end":{"line":40,"column":69}},"7":{"start":{"line":48,"column":66},"end":{"line":48,"column":89}},"8":{"start":{"line":52,"column":40},"end":{"line":52,"column":79}},"9":{"start":{"line":53,"column":41},"end":{"line":53,"column":72}},"10":{"start":{"line":99,"column":35},"end":{"line":101,"column":null}}},"fnMap":{"0":{"name":"(anonymous_0)","decl":{"start":{"line":31,"column":31},"end":{"line":31,"column":37}},"loc":{"start":{"line":31,"column":37},"end":{"line":31,"column":65}},"line":31},"1":{"name":"(anonymous_1)","decl":{"start":{"line":32,"column":45},"end":{"line":32,"column":51}},"loc":{"start":{"line":32,"column":51},"end":{"line":32,"column":89}},"line":32},"2":{"name":"(anonymous_2)","decl":{"start":{"line":40,"column":35},"end":{"line":40,"column":41}},"loc":{"start":{"line":40,"column":41},"end":{"line":40,"column":69}},"line":40},"3":{"name":"(anonymous_3)","decl":{"start":{"line":48,"column":60},"end":{"line":48,"column":66}},"loc":{"start":{"line":48,"column":66},"end":{"line":48,"column":89}},"line":48},"4":{"name":"(anonymous_4)","decl":{"start":{"line":52,"column":34},"end":{"line":52,"column":40}},"loc":{"start":{"line":52,"column":40},"end":{"line":52,"column":79}},"line":52},"5":{"name":"(anonymous_5)","decl":{"start":{"line":53,"column":35},"end":{"line":53,"column":41}},"loc":{"start":{"line":53,"column":41},"end":{"line":53,"column":72}},"line":53}},"branchMap":{},"s":{"0":3,"1":3,"2":3,"3":3,"4":1,"5":1,"6":1,"7":1,"8":5,"9":3,"10":3},"f":{"0":1,"1":1,"2":1,"3":1,"4":5,"5":3},"b":{},"meta":{"lastBranch":0,"lastFunction":6,"lastStatement":11,"seen":{"s:4:29:4:Infinity":0,"s:7:25:7:Infinity":1,"s:10:22:10:Infinity":2,"s:14:33:24:Infinity":3,"f:31:31:31:37":0,"s:31:37:31:65":4,"f:32:45:32:51":1,"s:32:51:32:89":5,"f:40:35:40:41":2,"s:40:41:40:69":6,"f:48:60:48:66":3,"s:48:66:48:89":7,"f:52:34:52:40":4,"s:52:40:52:79":8,"f:53:35:53:41":5,"s:53:41:53:72":9,"s:99:35:101:Infinity":10}}}
,"/Users/sethpearce/Projects/ecommerce-services-demo/services/edge-api/src/domain/errors.ts": {"path":"/Users/sethpearce/Projects/ecommerce-services-demo/services/edge-api/src/domain/errors.ts","statementMap":{},"fnMap":{},"branchMap":{},"s":{},"f":{},"b":{},"meta":{"lastBranch":0,"lastFunction":0,"lastStatement":0,"seen":{}}}
,"/Users/sethpearce/Projects/ecommerce-services-demo/services/edge-api/src/services/OrderService.ts": {"path":"/Users/sethpearce/Projects/ecommerce-services-demo/services/edge-api/src/services/OrderService.ts","statementMap":{},"fnMap":{},"branchMap":{},"s":{},"f":{},"b":{},"meta":{"lastBranch":0,"lastFunction":0,"lastStatement":0,"seen":{}}}
,"/Users/sethpearce/Projects/ecommerce-services-demo/services/edge-api/src/services/OrderServiceLive.ts": {"path":"/Users/sethpearce/Projects/ecommerce-services-demo/services/edge-api/src/services/OrderServiceLive.ts","statementMap":{"0":{"start":{"line":9,"column":32},"end":{"line":9,"column":null}},"1":{"start":{"line":11,"column":32},"end":{"line":156,"column":null}},"2":{"start":{"line":14,"column":23},"end":{"line":14,"column":null}},"3":{"start":{"line":15,"column":26},"end":{"line":15,"column":null}},"4":{"start":{"line":17,"column":4},"end":{"line":154,"column":null}},"5":{"start":{"line":19,"column":8},"end":{"line":118,"column":null}},"6":{"start":{"line":20,"column":10},"end":{"line":24,"column":null}},"7":{"start":{"line":27,"column":33},"end":{"line":27,"column":null}},"8":{"start":{"line":29,"column":10},"end":{"line":41,"column":null}},"9":{"start":{"line":30,"column":29},"end":{"line":30,"column":null}},"10":{"start":{"line":31,"column":12},"end":{"line":35,"column":null}},"11":{"start":{"line":36,"column":12},"end":{"line":40,"column":null}},"12":{"start":{"line":45,"column":35},"end":{"line":48,"column":null}},"13":{"start":{"line":46,"column":29},"end":{"line":46,"column":null}},"14":{"start":{"line":51,"column":25},"end":{"line":57,"column":null}},"15":{"start":{"line":59,"column":10},"end":{"line":62,"column":null}},"16":{"start":{"line":65,"column":29},"end":{"line":70,"column":null}},"17":{"start":{"line":65,"column":58},"end":{"line":70,"column":12}},"18":{"start":{"line":72,"column":10},"end":{"line":72,"column":null}},"19":{"start":{"line":75,"column":29},"end":{"line":94,"column":null}},"20":{"start":{"line":83,"column":14},"end":{"line":92,"column":null}},"21":{"start":{"line":85,"column":16},"end":{"line":85,"column":null}},"22":{"start":{"line":86,"column":16},"end":{"line":90,"column":null}},"23":{"start":{"line":91,"column":16},"end":{"line":91,"column":null}},"24":{"start":{"line":96,"column":10},"end":{"line":99,"column":null}},"25":{"start":{"line":102,"column":32},"end":{"line":106,"column":null}},"26":{"start":{"line":108,"column":10},"end":{"line":112,"column":null}},"27":{"start":{"line":114,"column":10},"end":{"line":117,"column":null}},"28":{"start":{"line":121,"column":8},"end":{"line":153,"column":null}},"29":{"start":{"line":123,"column":27},"end":{"line":123,"column":null}},"30":{"start":{"line":126,"column":25},"end":{"line":133,"column":null}},"31":{"start":{"line":129,"column":30},"end":{"line":129,"column":null}},"32":{"start":{"line":136,"column":10},"end":{"line":152,"column":null}},"33":{"start":{"line":147,"column":45},"end":{"line":151,"column":14}}},"fnMap":{"0":{"name":"(anonymous_0)","decl":{"start":{"line":13,"column":13},"end":{"line":13,"column":26}},"loc":{"start":{"line":13,"column":26},"end":{"line":155,"column":3}},"line":13},"1":{"name":"(anonymous_1)","decl":{"start":{"line":18,"column":19},"end":{"line":18,"column":20}},"loc":{"start":{"line":19,"column":8},"end":{"line":118,"column":null}},"line":19},"2":{"name":"(anonymous_2)","decl":{"start":{"line":19,"column":19},"end":{"line":19,"column":32}},"loc":{"start":{"line":19,"column":32},"end":{"line":118,"column":9}},"line":19},"3":{"name":"(anonymous_3)","decl":{"start":{"line":46,"column":12},"end":{"line":46,"column":13}},"loc":{"start":{"line":46,"column":29},"end":{"line":46,"column":null}},"line":46},"4":{"name":"(anonymous_4)","decl":{"start":{"line":65,"column":47},"end":{"line":65,"column":48}},"loc":{"start":{"line":65,"column":58},"end":{"line":70,"column":12}},"line":65},"5":{"name":"(anonymous_5)","decl":{"start":{"line":82,"column":52},"end":{"line":82,"column":53}},"loc":{"start":{"line":83,"column":14},"end":{"line":92,"column":null}},"line":83},"6":{"name":"(anonymous_6)","decl":{"start":{"line":83,"column":25},"end":{"line":83,"column":38}},"loc":{"start":{"line":83,"column":38},"end":{"line":92,"column":15}},"line":83},"7":{"name":"(anonymous_7)","decl":{"start":{"line":120,"column":22},"end":{"line":120,"column":23}},"loc":{"start":{"line":121,"column":8},"end":{"line":153,"column":null}},"line":121},"8":{"name":"(anonymous_8)","decl":{"start":{"line":121,"column":19},"end":{"line":121,"column":32}},"loc":{"start":{"line":121,"column":32},"end":{"line":153,"column":9}},"line":121},"9":{"name":"(anonymous_9)","decl":{"start":{"line":129,"column":24},"end":{"line":129,"column":30}},"loc":{"start":{"line":129,"column":30},"end":{"line":129,"column":null}},"line":129},"10":{"name":"(anonymous_10)","decl":{"start":{"line":147,"column":36},"end":{"line":147,"column":45}},"loc":{"start":{"line":147,"column":45},"end":{"line":151,"column":14}},"line":147}},"branchMap":{"0":{"loc":{"start":{"line":29,"column":10},"end":{"line":41,"column":null}},"type":"if","locations":[{"start":{"line":29,"column":10},"end":{"line":41,"column":null}},{"start":{},"end":{}}],"line":29}},"s":{"0":1,"1":1,"2":9,"3":9,"4":9,"5":5,"6":5,"7":5,"8":5,"9":1,"10":1,"11":1,"12":4,"13":5,"14":4,"15":4,"16":4,"17":5,"18":4,"19":4,"20":1,"21":1,"22":1,"23":1,"24":2,"25":2,"26":2,"27":2,"28":4,"29":4,"30":4,"31":1,"32":3,"33":2},"f":{"0":9,"1":5,"2":5,"3":5,"4":5,"5":1,"6":1,"7":4,"8":4,"9":1,"10":2},"b":{"0":[1,4]},"meta":{"lastBranch":1,"lastFunction":11,"lastStatement":34,"seen":{"s:9:32:9:Infinity":0,"s:11:32:156:Infinity":1,"f:13:13:13:26":0,"s:14:23:14:Infinity":2,"s:15:26:15:Infinity":3,"s:17:4:154:Infinity":4,"f:18:19:18:20":1,"s:19:8:118:Infinity":5,"f:19:19:19:32":2,"s:20:10:24:Infinity":6,"s:27:33:27:Infinity":7,"b:29:10:41:Infinity:undefined:undefined:undefined:undefined":0,"s:29:10:41:Infinity":8,"s:30:29:30:Infinity":9,"s:31:12:35:Infinity":10,"s:36:12:40:Infinity":11,"s:45:35:48:Infinity":12,"f:46:12:46:13":3,"s:46:29:46:Infinity":13,"s:51:25:57:Infinity":14,"s:59:10:62:Infinity":15,"s:65:29:70:Infinity":16,"f:65:47:65:48":4,"s:65:58:70:12":17,"s:72:10:72:Infinity":18,"s:75:29:94:Infinity":19,"f:82:52:82:53":5,"s:83:14:92:Infinity":20,"f:83:25:83:38":6,"s:85:16:85:Infinity":21,"s:86:16:90:Infinity":22,"s:91:16:91:Infinity":23,"s:96:10:99:Infinity":24,"s:102:32:106:Infinity":25,"s:108:10:112:Infinity":26,"s:114:10:117:Infinity":27,"f:120:22:120:23":7,"s:121:8:153:Infinity":28,"f:121:19:121:32":8,"s:123:27:123:Infinity":29,"s:126:25:133:Infinity":30,"f:129:24:129:30":9,"s:129:30:129:Infinity":31,"s:136:10:152:Infinity":32,"f:147:36:147:45":10,"s:147:45:151:14":33}}}
,"/Users/sethpearce/Projects/ecommerce-services-demo/services/edge-api/src/services/PaymentClient.ts": {"path":"/Users/sethpearce/Projects/ecommerce-services-demo/services/edge-api/src/services/PaymentClient.ts","statementMap":{},"fnMap":{},"branchMap":{},"s":{},"f":{},"b":{},"meta":{"lastBranch":0,"lastFunction":0,"lastStatement":0,"seen":{}}}
}
